#
# There is insufficient memory for the Java Runtime Environment to continue.
# Native memory allocation (mmap) failed to map 49283072 bytes for G1 virtual space
# Possible reasons:
#   The system is out of physical RAM or swap space
#   The process is running with CompressedOops enabled, and the Java Heap may be blocking the growth of the native heap
# Possible solutions:
#   Reduce memory load on the system
#   Increase physical memory or swap space
#   Check if swap backing store is full
#   Decrease Java heap size (-Xmx/-Xms)
#   Decrease number of Java threads
#   Decrease Java thread stack sizes (-Xss)
#   Set larger code cache with -XX:ReservedCodeCacheSize=
#   JVM is running with Unscaled Compressed Oops mode in which the Java heap is
#     placed in the first 4GB address space. The Java Heap base address is the
#     maximum limit for the native heap growth. Please use -XX:HeapBaseMinAddress
#     to set the Java Heap base and to place the Java Heap above 4GB virtual address.
# This output file may be truncated or incomplete.
#
#  Out of Memory Error (os_windows.cpp:3771), pid=5732, tid=18724
#
# JRE version: OpenJDK Runtime Environment (17.0.7) (build 17.0.7+0-b2043.56-10550314)
# Java VM: OpenJDK 64-Bit Server VM (17.0.7+0-b2043.56-10550314, mixed mode, tiered, compressed oops, compressed class ptrs, g1 gc, windows-amd64)
# No core dump will be written. Minidumps are not enabled by default on client versions of Windows
#

---------------  S U M M A R Y ------------

Command Line: org.jetbrains.kotlin.cli.jvm.K2JVMCompiler @C:\Users\arip saputra\AndroidStudioProjects\NotePadTAM_UAS\app\build\20240620_17212314274527498947.compiler.options

Host: AMD Ryzen 3 3250U with Radeon Graphics         , 4 cores, 3G,  Windows 11 , 64 bit Build 22621 (10.0.22621.3672)
Time: Thu Jun 20 20:08:39 2024 SE Asia Standard Time elapsed time: 26.916516 seconds (0d 0h 0m 26s)

---------------  T H R E A D  ---------------

Current thread (0x000002c28ef0eab0):  VMThread "VM Thread" [stack: 0x000000d5c4800000,0x000000d5c4900000] [id=18724]

Stack: [0x000000d5c4800000,0x000000d5c4900000]
Native frames: (J=compiled Java code, j=interpreted, Vv=VM code, C=native code)
V  [jvm.dll+0x683bfa]
V  [jvm.dll+0x8430a4]
V  [jvm.dll+0x8449be]
V  [jvm.dll+0x845023]
V  [jvm.dll+0x24ad2f]
V  [jvm.dll+0x680ac9]
V  [jvm.dll+0x67519a]
V  [jvm.dll+0x30b3cb]
V  [jvm.dll+0x312876]
V  [jvm.dll+0x36221e]
V  [jvm.dll+0x36244f]
V  [jvm.dll+0x2e14a8]
V  [jvm.dll+0x2df684]
V  [jvm.dll+0x2dec8c]
V  [jvm.dll+0x32382b]
V  [jvm.dll+0x8496eb]
V  [jvm.dll+0x84a424]
V  [jvm.dll+0x84a93d]
V  [jvm.dll+0x84ad14]
V  [jvm.dll+0x84ade0]
V  [jvm.dll+0x7f2aea]
V  [jvm.dll+0x682a35]
C  [ucrtbase.dll+0x29333]
C  [KERNEL32.DLL+0x1257d]
C  [ntdll.dll+0x5af28]

VM_Operation (0x000000d5c42fa3f0): G1CollectForAllocation, mode: safepoint, requested by thread 0x000002c28ee4fa60


---------------  P R O C E S S  ---------------

Threads class SMR info:
_java_thread_list=0x000002c2a7baa1e0, length=12, elements={
0x000002c28ee4fa60, 0x000002c2a77c5660, 0x000002c2a77c6c70, 0x000002c2a7814a20,
0x000002c2a78197b0, 0x000002c2a781b370, 0x000002c2a781c4c0, 0x000002c2a7830740,
0x000002c2a7835530, 0x000002c2a784b560, 0x000002c2a7bcd140, 0x000002c2a7bcf8b0
}

Java Threads: ( => current thread )
  0x000002c28ee4fa60 JavaThread "main" [_thread_blocked, id=14768, stack(0x000000d5c4200000,0x000000d5c4300000)]
  0x000002c2a77c5660 JavaThread "Reference Handler" daemon [_thread_blocked, id=13444, stack(0x000000d5c4900000,0x000000d5c4a00000)]
  0x000002c2a77c6c70 JavaThread "Finalizer" daemon [_thread_blocked, id=2168, stack(0x000000d5c4a00000,0x000000d5c4b00000)]
  0x000002c2a7814a20 JavaThread "Signal Dispatcher" daemon [_thread_blocked, id=14232, stack(0x000000d5c4b00000,0x000000d5c4c00000)]
  0x000002c2a78197b0 JavaThread "Attach Listener" daemon [_thread_blocked, id=15768, stack(0x000000d5c4c00000,0x000000d5c4d00000)]
  0x000002c2a781b370 JavaThread "Service Thread" daemon [_thread_blocked, id=4776, stack(0x000000d5c4d00000,0x000000d5c4e00000)]
  0x000002c2a781c4c0 JavaThread "Monitor Deflation Thread" daemon [_thread_blocked, id=3168, stack(0x000000d5c4e00000,0x000000d5c4f00000)]
  0x000002c2a7830740 JavaThread "C2 CompilerThread0" daemon [_thread_blocked, id=1616, stack(0x000000d5c4f00000,0x000000d5c5000000)]
  0x000002c2a7835530 JavaThread "C1 CompilerThread0" daemon [_thread_blocked, id=8336, stack(0x000000d5c5000000,0x000000d5c5100000)]
  0x000002c2a784b560 JavaThread "Sweeper thread" daemon [_thread_blocked, id=6932, stack(0x000000d5c5100000,0x000000d5c5200000)]
  0x000002c2a7bcd140 JavaThread "Notification Thread" daemon [_thread_blocked, id=17580, stack(0x000000d5c5200000,0x000000d5c5300000)]
  0x000002c2a7bcf8b0 JavaThread "Common-Cleaner" daemon [_thread_blocked, id=14128, stack(0x000000d5c5400000,0x000000d5c5500000)]

Other Threads:
=>0x000002c28ef0eab0 VMThread "VM Thread" [stack: 0x000000d5c4800000,0x000000d5c4900000] [id=18724]
  0x000002c2a7bcf620 WatcherThread [stack: 0x000000d5c5300000,0x000000d5c5400000] [id=5720]
  0x000002c28ee88700 GCTaskThread "GC Thread#0" [stack: 0x000000d5c4300000,0x000000d5c4400000] [id=16952]
  0x000002c2ac1399a0 GCTaskThread "GC Thread#1" [stack: 0x000000d5c5500000,0x000000d5c5600000] [id=18424]
  0x000002c2ac125850 GCTaskThread "GC Thread#2" [stack: 0x000000d5c5600000,0x000000d5c5700000] [id=8680]
  0x000002c2ac125b00 GCTaskThread "GC Thread#3" [stack: 0x000000d5c5700000,0x000000d5c5800000] [id=10656]
  0x000002c28ee90480 ConcurrentGCThread "G1 Main Marker" [stack: 0x000000d5c4400000,0x000000d5c4500000] [id=20412]
  0x000002c28ee91630 ConcurrentGCThread "G1 Conc#0" [stack: 0x000000d5c4500000,0x000000d5c4600000] [id=12372]
  0x000002c28eecd890 ConcurrentGCThread "G1 Refine#0" [stack: 0x000000d5c4600000,0x000000d5c4700000] [id=10040]
  0x000002c2ace6f330 ConcurrentGCThread "G1 Refine#1" [stack: 0x000000d5c5800000,0x000000d5c5900000] [id=18280]
  0x000002c2ace6f610 ConcurrentGCThread "G1 Refine#2" [stack: 0x000000d5c5900000,0x000000d5c5a00000] [id=6840]
  0x000002c28eece2b0 ConcurrentGCThread "G1 Service" [stack: 0x000000d5c4700000,0x000000d5c4800000] [id=20420]

Threads with active compile tasks:
C2 CompilerThread0    26980 5439       4       org.jetbrains.org.objectweb.asm.ClassReader::readMethod (1061 bytes)

VM state: at safepoint (normal execution)

VM Mutex/Monitor currently owned by a thread:  ([mutex/lock_event])
[0x000002c28ee4b180] Threads_lock - owner thread: 0x000002c28ef0eab0
[0x000002c28ee4b840] Heap_lock - owner thread: 0x000002c28ee4fa60

Heap address: 0x00000000c8e00000, size: 882 MB, Compressed Oops mode: 32-bit

CDS archive(s) not mapped
Compressed class space mapped at: 0x0000000100000000-0x0000000140000000, reserved size: 1073741824
Narrow klass base: 0x0000000000000000, Narrow klass shift: 3, Narrow klass range: 0x140000000

GC Precious Log:
 CPUs: 4 total, 4 available
 Memory: 3521M
 Large Page Support: Disabled
 NUMA Support: Disabled
 Compressed Oops: Enabled (32-bit)
 Heap Region Size: 1M
 Heap Min Capacity: 8M
 Heap Initial Capacity: 56M
 Heap Max Capacity: 882M
 Pre-touch: Disabled
 Parallel Workers: 4
 Concurrent Workers: 1
 Concurrent Refinement Workers: 4
 Periodic GC: Disabled

Heap:
 garbage-first heap   total 65536K, used 36644K [0x00000000c8e00000, 0x0000000100000000)
  region size 1024K, 1 young (1024K), 1 survivors (1024K)
 Metaspace       used 53274K, committed 53504K, reserved 1114112K
  class space    used 6323K, committed 6400K, reserved 1048576K

Heap Regions: E=young(eden), S=young(survivor), O=old, HS=humongous(starts), HC=humongous(continues), CS=collection set, F=free, OA=open archive, CA=closed archive, TAMS=top-at-mark-start (previous, next)
|   0|0x00000000c8e00000, 0x00000000c8f00000, 0x00000000c8f00000|100%|HS|  |TAMS 0x00000000c8f00000, 0x00000000c8e00000| Complete 
|   1|0x00000000c8f00000, 0x00000000c9000000, 0x00000000c9000000|100%|HC|  |TAMS 0x00000000c9000000, 0x00000000c8f00000| Complete 
|   2|0x00000000c9000000, 0x00000000c9100000, 0x00000000c9100000|100%|HC|  |TAMS 0x00000000c9100000, 0x00000000c9000000| Complete 
|   3|0x00000000c9100000, 0x00000000c9200000, 0x00000000c9200000|100%|HC|  |TAMS 0x00000000c9200000, 0x00000000c9100000| Complete 
|   4|0x00000000c9200000, 0x00000000c9300000, 0x00000000c9300000|100%| O|  |TAMS 0x00000000c9300000, 0x00000000c9200000| Untracked 
|   5|0x00000000c9300000, 0x00000000c93ee000, 0x00000000c9400000| 92%| O|  |TAMS 0x00000000c93ee000, 0x00000000c9300000| Untracked 
|   6|0x00000000c9400000, 0x00000000c9500000, 0x00000000c9500000|100%| O|  |TAMS 0x00000000c9500000, 0x00000000c9400000| Untracked 
|   7|0x00000000c9500000, 0x00000000c9600000, 0x00000000c9600000|100%| O|  |TAMS 0x00000000c9600000, 0x00000000c9500000| Untracked 
|   8|0x00000000c9600000, 0x00000000c9700000, 0x00000000c9700000|100%| O|  |TAMS 0x00000000c9700000, 0x00000000c9600000| Untracked 
|   9|0x00000000c9700000, 0x00000000c9800000, 0x00000000c9800000|100%| O|  |TAMS 0x00000000c9800000, 0x00000000c9700000| Untracked 
|  10|0x00000000c9800000, 0x00000000c9900000, 0x00000000c9900000|100%| O|  |TAMS 0x00000000c9900000, 0x00000000c9800000| Untracked 
|  11|0x00000000c9900000, 0x00000000c9a00000, 0x00000000c9a00000|100%| O|  |TAMS 0x00000000c9a00000, 0x00000000c9900000| Untracked 
|  12|0x00000000c9a00000, 0x00000000c9b00000, 0x00000000c9b00000|100%| O|  |TAMS 0x00000000c9b00000, 0x00000000c9a00000| Untracked 
|  13|0x00000000c9b00000, 0x00000000c9c00000, 0x00000000c9c00000|100%| O|  |TAMS 0x00000000c9c00000, 0x00000000c9b00000| Untracked 
|  14|0x00000000c9c00000, 0x00000000c9d00000, 0x00000000c9d00000|100%| O|  |TAMS 0x00000000c9d00000, 0x00000000c9c00000| Untracked 
|  15|0x00000000c9d00000, 0x00000000c9e00000, 0x00000000c9e00000|100%| O|  |TAMS 0x00000000c9e00000, 0x00000000c9d00000| Untracked 
|  16|0x00000000c9e00000, 0x00000000c9f00000, 0x00000000c9f00000|100%| O|  |TAMS 0x00000000c9f00000, 0x00000000c9e00000| Untracked 
|  17|0x00000000c9f00000, 0x00000000ca000000, 0x00000000ca000000|100%| O|  |TAMS 0x00000000ca000000, 0x00000000c9f00000| Untracked 
|  18|0x00000000ca000000, 0x00000000ca100000, 0x00000000ca100000|100%| O|  |TAMS 0x00000000ca100000, 0x00000000ca000000| Untracked 
|  19|0x00000000ca100000, 0x00000000ca200000, 0x00000000ca200000|100%| O|  |TAMS 0x00000000ca200000, 0x00000000ca100000| Untracked 
|  20|0x00000000ca200000, 0x00000000ca300000, 0x00000000ca300000|100%| O|  |TAMS 0x00000000ca300000, 0x00000000ca200000| Untracked 
|  21|0x00000000ca300000, 0x00000000ca300000, 0x00000000ca400000|  0%| F|  |TAMS 0x00000000ca300000, 0x00000000ca300000| Untracked 
|  22|0x00000000ca400000, 0x00000000ca500000, 0x00000000ca500000|100%| O|  |TAMS 0x00000000ca500000, 0x00000000ca400000| Untracked 
|  23|0x00000000ca500000, 0x00000000ca600000, 0x00000000ca600000|100%| O|  |TAMS 0x00000000ca500000, 0x00000000ca500000| Untracked 
|  24|0x00000000ca600000, 0x00000000ca700000, 0x00000000ca700000|100%|HS|  |TAMS 0x00000000ca700000, 0x00000000ca600000| Complete 
|  25|0x00000000ca700000, 0x00000000ca800000, 0x00000000ca800000|100%|HC|  |TAMS 0x00000000ca800000, 0x00000000ca700000| Complete 
|  26|0x00000000ca800000, 0x00000000ca900000, 0x00000000ca900000|100%| O|  |TAMS 0x00000000ca900000, 0x00000000ca800000| Untracked 
|  27|0x00000000ca900000, 0x00000000caa00000, 0x00000000caa00000|100%| O|  |TAMS 0x00000000caa00000, 0x00000000ca900000| Untracked 
|  28|0x00000000caa00000, 0x00000000cab00000, 0x00000000cab00000|100%| O|  |TAMS 0x00000000cab00000, 0x00000000caa00000| Untracked 
|  29|0x00000000cab00000, 0x00000000cac00000, 0x00000000cac00000|100%| O|  |TAMS 0x00000000cac00000, 0x00000000cab00000| Untracked 
|  30|0x00000000cac00000, 0x00000000cad00000, 0x00000000cad00000|100%| O|  |TAMS 0x00000000cad00000, 0x00000000cac00000| Untracked 
|  31|0x00000000cad00000, 0x00000000cae00000, 0x00000000cae00000|100%| O|  |TAMS 0x00000000cae00000, 0x00000000cad00000| Untracked 
|  32|0x00000000cae00000, 0x00000000caf00000, 0x00000000caf00000|100%| O|  |TAMS 0x00000000caf00000, 0x00000000cae00000| Untracked 
|  33|0x00000000caf00000, 0x00000000cb000000, 0x00000000cb000000|100%| O|  |TAMS 0x00000000cb000000, 0x00000000caf00000| Untracked 
|  34|0x00000000cb000000, 0x00000000cb100000, 0x00000000cb100000|100%| O|  |TAMS 0x00000000cb036000, 0x00000000cb000000| Untracked 
|  35|0x00000000cb100000, 0x00000000cb200000, 0x00000000cb200000|100%| O|  |TAMS 0x00000000cb100000, 0x00000000cb100000| Untracked 
|  36|0x00000000cb200000, 0x00000000cb200000, 0x00000000cb300000|  0%| F|  |TAMS 0x00000000cb200000, 0x00000000cb200000| Untracked 
|  37|0x00000000cb300000, 0x00000000cb300000, 0x00000000cb400000|  0%| F|  |TAMS 0x00000000cb300000, 0x00000000cb300000| Untracked 
|  38|0x00000000cb400000, 0x00000000cb400000, 0x00000000cb500000|  0%| F|  |TAMS 0x00000000cb400000, 0x00000000cb400000| Untracked 
|  39|0x00000000cb500000, 0x00000000cb500000, 0x00000000cb600000|  0%| F|  |TAMS 0x00000000cb500000, 0x00000000cb500000| Untracked 
|  40|0x00000000cb600000, 0x00000000cb600000, 0x00000000cb700000|  0%| F|  |TAMS 0x00000000cb600000, 0x00000000cb600000| Untracked 
|  41|0x00000000cb700000, 0x00000000cb700000, 0x00000000cb800000|  0%| F|  |TAMS 0x00000000cb700000, 0x00000000cb700000| Untracked 
|  42|0x00000000cb800000, 0x00000000cb800000, 0x00000000cb900000|  0%| F|  |TAMS 0x00000000cb800000, 0x00000000cb800000| Untracked 
|  43|0x00000000cb900000, 0x00000000cb900000, 0x00000000cba00000|  0%| F|  |TAMS 0x00000000cb900000, 0x00000000cb900000| Untracked 
|  44|0x00000000cba00000, 0x00000000cba00000, 0x00000000cbb00000|  0%| F|  |TAMS 0x00000000cba00000, 0x00000000cba00000| Untracked 
|  45|0x00000000cbb00000, 0x00000000cbb00000, 0x00000000cbc00000|  0%| F|  |TAMS 0x00000000cbb00000, 0x00000000cbb00000| Untracked 
|  46|0x00000000cbc00000, 0x00000000cbc00000, 0x00000000cbd00000|  0%| F|  |TAMS 0x00000000cbc00000, 0x00000000cbc00000| Untracked 
|  47|0x00000000cbd00000, 0x00000000cbd00000, 0x00000000cbe00000|  0%| F|  |TAMS 0x00000000cbd00000, 0x00000000cbd00000| Untracked 
|  48|0x00000000cbe00000, 0x00000000cbe00000, 0x00000000cbf00000|  0%| F|  |TAMS 0x00000000cbe00000, 0x00000000cbe00000| Untracked 
|  49|0x00000000cbf00000, 0x00000000cbf00000, 0x00000000cc000000|  0%| F|  |TAMS 0x00000000cbf00000, 0x00000000cbf00000| Untracked 
|  50|0x00000000cc000000, 0x00000000cc000000, 0x00000000cc100000|  0%| F|  |TAMS 0x00000000cc000000, 0x00000000cc000000| Untracked 
|  51|0x00000000cc100000, 0x00000000cc100000, 0x00000000cc200000|  0%| F|  |TAMS 0x00000000cc100000, 0x00000000cc100000| Untracked 
|  52|0x00000000cc200000, 0x00000000cc200000, 0x00000000cc300000|  0%| F|  |TAMS 0x00000000cc200000, 0x00000000cc200000| Untracked 
|  53|0x00000000cc300000, 0x00000000cc300000, 0x00000000cc400000|  0%| F|  |TAMS 0x00000000cc300000, 0x00000000cc300000| Untracked 
|  54|0x00000000cc400000, 0x00000000cc400000, 0x00000000cc500000|  0%| F|  |TAMS 0x00000000cc400000, 0x00000000cc400000| Untracked 
|  55|0x00000000cc500000, 0x00000000cc500000, 0x00000000cc600000|  0%| F|  |TAMS 0x00000000cc500000, 0x00000000cc500000| Untracked 
|  56|0x00000000cc600000, 0x00000000cc600000, 0x00000000cc700000|  0%| F|  |TAMS 0x00000000cc600000, 0x00000000cc600000| Untracked 
|  57|0x00000000cc700000, 0x00000000cc700000, 0x00000000cc800000|  0%| F|  |TAMS 0x00000000cc700000, 0x00000000cc700000| Untracked 
|  58|0x00000000cc800000, 0x00000000cc800000, 0x00000000cc900000|  0%| F|  |TAMS 0x00000000cc800000, 0x00000000cc800000| Untracked 
|  59|0x00000000cc900000, 0x00000000cc900000, 0x00000000cca00000|  0%| F|  |TAMS 0x00000000cc900000, 0x00000000cc900000| Untracked 
|  60|0x00000000cca00000, 0x00000000cca00000, 0x00000000ccb00000|  0%| F|  |TAMS 0x00000000cca00000, 0x00000000cca00000| Untracked 
|  61|0x00000000ccb00000, 0x00000000ccbdb3a0, 0x00000000ccc00000| 85%| S|CS|TAMS 0x00000000ccb00000, 0x00000000ccb00000| Complete 
|  62|0x00000000ccc00000, 0x00000000ccc00000, 0x00000000ccd00000|  0%| F|  |TAMS 0x00000000ccc00000, 0x00000000ccc00000| Untracked 
|  63|0x00000000ccd00000, 0x00000000ccd00000, 0x00000000cce00000|  0%| F|  |TAMS 0x00000000ccd00000, 0x00000000ccd00000| Untracked 

Card table byte_map: [0x000002c2a32e0000,0x000002c2a34a0000] _byte_map_base: 0x000002c2a2c99000

Marking Bits (Prev, Next): (CMBitMap*) 0x000002c28ee88d10, (CMBitMap*) 0x000002c28ee88d50
 Prev Bits: [0x000002c2a3660000, 0x000002c2a4428000)
 Next Bits: [0x000002c2a4430000, 0x000002c2a51f8000)

Polling page: 0x000002c28ef10000

Metaspace:

Usage:
  Non-class:     45.85 MB used.
      Class:      6.18 MB used.
       Both:     52.03 MB used.

Virtual space:
  Non-class space:       64.00 MB reserved,      46.00 MB ( 72%) committed,  1 nodes.
      Class space:        1.00 GB reserved,       6.25 MB ( <1%) committed,  1 nodes.
             Both:        1.06 GB reserved,      52.25 MB (  5%) committed. 

Chunk freelists:
   Non-Class:  1.83 MB
       Class:  9.70 MB
        Both:  11.53 MB

MaxMetaspaceSize: unlimited
CompressedClassSpaceSize: 1.00 GB
Initial GC threshold: 21.00 MB
Current GC threshold: 85.44 MB
CDS: off
MetaspaceReclaimPolicy: balanced
 - commit_granule_bytes: 65536.
 - commit_granule_words: 8192.
 - virtual_space_node_default_size: 8388608.
 - enlarge_chunks_in_place: 1.
 - new_chunks_are_fully_committed: 0.
 - uncommit_free_chunks: 1.
 - use_allocation_guard: 0.
 - handle_deallocations: 1.


Internal statistics:

num_allocs_failed_limit: 6.
num_arena_births: 188.
num_arena_deaths: 0.
num_vsnodes_births: 2.
num_vsnodes_deaths: 0.
num_space_committed: 834.
num_space_uncommitted: 0.
num_chunks_returned_to_freelist: 6.
num_chunks_taken_from_freelist: 1757.
num_chunk_merges: 6.
num_chunk_splits: 1470.
num_chunks_enlarged: 1330.
num_inconsistent_stats: 0.

CodeHeap 'non-profiled nmethods': size=120000Kb used=2230Kb max_used=2230Kb free=117769Kb
 bounds [0x000002c29b5c0000, 0x000002c29b830000, 0x000002c2a2af0000]
CodeHeap 'profiled nmethods': size=120000Kb used=13172Kb max_used=13172Kb free=106827Kb
 bounds [0x000002c293af0000, 0x000002c2947d0000, 0x000002c29b020000]
CodeHeap 'non-nmethods': size=5760Kb used=1281Kb max_used=1328Kb free=4478Kb
 bounds [0x000002c29b020000, 0x000002c29b290000, 0x000002c29b5c0000]
 total_blobs=6000 nmethods=5409 adapters=502
 compilation: enabled
              stopped_count=0, restarted_count=0
 full_count=0

Compilation events (20 events):
Event: 26.876 Thread 0x000002c2a7835530 5450       1       org.jetbrains.kotlin.resolve.CompilerDeserializationConfiguration::getAllowUnstableDependencies (5 bytes)
Event: 26.877 Thread 0x000002c2a7835530 nmethod 5450 0x000002c29b7ed690 code [0x000002c29b7ed820, 0x000002c29b7ed8f8]
Event: 26.877 Thread 0x000002c2a7835530 5453       3       java.lang.Character::isLetterOrDigit (5 bytes)
Event: 26.878 Thread 0x000002c2a7835530 nmethod 5453 0x000002c2947c7310 code [0x000002c2947c74e0, 0x000002c2947c77f8]
Event: 26.878 Thread 0x000002c2a7835530 5454       3       java.lang.Character::isLetterOrDigit (19 bytes)
Event: 26.878 Thread 0x000002c2a7835530 nmethod 5454 0x000002c2947c7910 code [0x000002c2947c7ac0, 0x000002c2947c7d78]
Event: 26.878 Thread 0x000002c2a7835530 5455       3       kotlin.jvm.internal.Intrinsics::areEqual (22 bytes)
Event: 26.878 Thread 0x000002c2a7835530 nmethod 5455 0x000002c2947c7e90 code [0x000002c2947c8040, 0x000002c2947c82a8]
Event: 26.878 Thread 0x000002c2a7835530 5456       3       org.jetbrains.kotlin.serialization.deserialization.ClassDeserializer$Companion::getBLACK_LIST (4 bytes)
Event: 26.879 Thread 0x000002c2a7835530 nmethod 5456 0x000002c2947c8390 code [0x000002c2947c8520, 0x000002c2947c8698]
Event: 26.879 Thread 0x000002c2a7835530 5457       3       org.jetbrains.kotlin.serialization.deserialization.ClassDeserializer::access$getBLACK_LIST$cp (4 bytes)
Event: 26.879 Thread 0x000002c2a7835530 nmethod 5457 0x000002c2947c8790 code [0x000002c2947c8920, 0x000002c2947c8a18]
Event: 26.881 Thread 0x000002c2a7835530 5458       3       org.jetbrains.kotlin.metadata.jvm.deserialization.ModuleMapping::findPackageParts (20 bytes)
Event: 26.881 Thread 0x000002c2a7835530 nmethod 5458 0x000002c2947c8a90 code [0x000002c2947c8cc0, 0x000002c2947c9408]
Event: 26.882 Thread 0x000002c2a7835530 5459   !   3       org.jetbrains.kotlin.util.PerformanceCounter::time (216 bytes)
Event: 26.884 Thread 0x000002c2a7835530 nmethod 5459 0x000002c2947c9690 code [0x000002c2947c9aa0, 0x000002c2947cb698]
Event: 26.884 Thread 0x000002c2a7835530 5460       3       org.jetbrains.org.objectweb.asm.ClassVisitor::<init> (94 bytes)
Event: 26.886 Thread 0x000002c2a7835530 nmethod 5460 0x000002c2947cbf10 code [0x000002c2947cc160, 0x000002c2947cca68]
Event: 26.886 Thread 0x000002c2a7835530 5461       3       org.jetbrains.org.objectweb.asm.ClassReader::accept (11 bytes)
Event: 26.886 Thread 0x000002c2a7835530 nmethod 5461 0x000002c2947ccd10 code [0x000002c2947ccec0, 0x000002c2947cd0a8]

GC Heap History (20 events):
Event: 18.704 GC heap after
{Heap after GC invocations=18 (full 0):
 garbage-first heap   total 40960K, used 22642K [0x00000000c8e00000, 0x0000000100000000)
  region size 1024K, 1 young (1024K), 1 survivors (1024K)
 Metaspace       used 46449K, committed 46656K, reserved 1114112K
  class space    used 5680K, committed 5760K, reserved 1048576K
}
Event: 18.786 GC heap before
{Heap before GC invocations=19 (full 0):
 garbage-first heap   total 46080K, used 31858K [0x00000000c8e00000, 0x0000000100000000)
  region size 1024K, 10 young (10240K), 1 survivors (1024K)
 Metaspace       used 46474K, committed 46720K, reserved 1114112K
  class space    used 5680K, committed 5760K, reserved 1048576K
}
Event: 18.792 GC heap after
{Heap after GC invocations=20 (full 0):
 garbage-first heap   total 46080K, used 25245K [0x00000000c8e00000, 0x0000000100000000)
  region size 1024K, 2 young (2048K), 2 survivors (2048K)
 Metaspace       used 46474K, committed 46720K, reserved 1114112K
  class space    used 5680K, committed 5760K, reserved 1048576K
}
Event: 18.874 GC heap before
{Heap before GC invocations=20 (full 0):
 garbage-first heap   total 46080K, used 35485K [0x00000000c8e00000, 0x0000000100000000)
  region size 1024K, 12 young (12288K), 2 survivors (2048K)
 Metaspace       used 46531K, committed 46784K, reserved 1114112K
  class space    used 5680K, committed 5760K, reserved 1048576K
}
Event: 18.879 GC heap after
{Heap after GC invocations=21 (full 0):
 garbage-first heap   total 55296K, used 25128K [0x00000000c8e00000, 0x0000000100000000)
  region size 1024K, 1 young (1024K), 1 survivors (1024K)
 Metaspace       used 46531K, committed 46784K, reserved 1114112K
  class space    used 5680K, committed 5760K, reserved 1048576K
}
Event: 19.060 GC heap before
{Heap before GC invocations=22 (full 0):
 garbage-first heap   total 55296K, used 32296K [0x00000000c8e00000, 0x0000000100000000)
  region size 1024K, 9 young (9216K), 1 survivors (1024K)
 Metaspace       used 47358K, committed 47552K, reserved 1114112K
  class space    used 5754K, committed 5824K, reserved 1048576K
}
Event: 19.065 GC heap after
{Heap after GC invocations=23 (full 0):
 garbage-first heap   total 55296K, used 25385K [0x00000000c8e00000, 0x0000000100000000)
  region size 1024K, 2 young (2048K), 2 survivors (2048K)
 Metaspace       used 47358K, committed 47552K, reserved 1114112K
  class space    used 5754K, committed 5824K, reserved 1048576K
}
Event: 19.941 GC heap before
{Heap before GC invocations=23 (full 0):
 garbage-first heap   total 55296K, used 42793K [0x00000000c8e00000, 0x0000000100000000)
  region size 1024K, 18 young (18432K), 2 survivors (2048K)
 Metaspace       used 50197K, committed 50432K, reserved 1114112K
  class space    used 6093K, committed 6208K, reserved 1048576K
}
Event: 19.951 GC heap after
{Heap after GC invocations=24 (full 0):
 garbage-first heap   total 55296K, used 30050K [0x00000000c8e00000, 0x0000000100000000)
  region size 1024K, 3 young (3072K), 3 survivors (3072K)
 Metaspace       used 50197K, committed 50432K, reserved 1114112K
  class space    used 6093K, committed 6208K, reserved 1048576K
}
Event: 22.085 GC heap before
{Heap before GC invocations=24 (full 0):
 garbage-first heap   total 55296K, used 42338K [0x00000000c8e00000, 0x0000000100000000)
  region size 1024K, 15 young (15360K), 3 survivors (3072K)
 Metaspace       used 51404K, committed 51648K, reserved 1114112K
  class space    used 6194K, committed 6272K, reserved 1048576K
}
Event: 22.103 GC heap after
{Heap after GC invocations=25 (full 0):
 garbage-first heap   total 55296K, used 32628K [0x00000000c8e00000, 0x0000000100000000)
  region size 1024K, 2 young (2048K), 2 survivors (2048K)
 Metaspace       used 51404K, committed 51648K, reserved 1114112K
  class space    used 6194K, committed 6272K, reserved 1048576K
}
Event: 23.522 GC heap before
{Heap before GC invocations=26 (full 0):
 garbage-first heap   total 56320K, used 42868K [0x00000000c8e00000, 0x0000000100000000)
  region size 1024K, 12 young (12288K), 2 survivors (2048K)
 Metaspace       used 52036K, committed 52224K, reserved 1114112K
  class space    used 6204K, committed 6272K, reserved 1048576K
}
Event: 23.533 GC heap after
{Heap after GC invocations=27 (full 0):
 garbage-first heap   total 56320K, used 34813K [0x00000000c8e00000, 0x0000000100000000)
  region size 1024K, 2 young (2048K), 2 survivors (2048K)
 Metaspace       used 52036K, committed 52224K, reserved 1114112K
  class space    used 6204K, committed 6272K, reserved 1048576K
}
Event: 23.568 GC heap before
{Heap before GC invocations=27 (full 0):
 garbage-first heap   total 56320K, used 35837K [0x00000000c8e00000, 0x0000000100000000)
  region size 1024K, 3 young (3072K), 2 survivors (2048K)
 Metaspace       used 52063K, committed 52224K, reserved 1114112K
  class space    used 6204K, committed 6272K, reserved 1048576K
}
Event: 23.576 GC heap after
{Heap after GC invocations=28 (full 0):
 garbage-first heap   total 56320K, used 34292K [0x00000000c8e00000, 0x0000000100000000)
  region size 1024K, 1 young (1024K), 1 survivors (1024K)
 Metaspace       used 52063K, committed 52224K, reserved 1114112K
  class space    used 6204K, committed 6272K, reserved 1048576K
}
Event: 26.350 GC heap before
{Heap before GC invocations=28 (full 0):
 garbage-first heap   total 56320K, used 43508K [0x00000000c8e00000, 0x0000000100000000)
  region size 1024K, 10 young (10240K), 1 survivors (1024K)
 Metaspace       used 52198K, committed 52352K, reserved 1114112K
  class space    used 6205K, committed 6272K, reserved 1048576K
}
Event: 26.364 GC heap after
{Heap after GC invocations=29 (full 0):
 garbage-first heap   total 56320K, used 36184K [0x00000000c8e00000, 0x0000000100000000)
  region size 1024K, 2 young (2048K), 2 survivors (2048K)
 Metaspace       used 52198K, committed 52352K, reserved 1114112K
  class space    used 6205K, committed 6272K, reserved 1048576K
}
Event: 26.848 GC heap before
{Heap before GC invocations=30 (full 0):
 garbage-first heap   total 65536K, used 44376K [0x00000000c8e00000, 0x0000000100000000)
  region size 1024K, 10 young (10240K), 2 survivors (2048K)
 Metaspace       used 53258K, committed 53504K, reserved 1114112K
  class space    used 6323K, committed 6400K, reserved 1048576K
}
Event: 26.858 GC heap after
{Heap after GC invocations=31 (full 0):
 garbage-first heap   total 65536K, used 36853K [0x00000000c8e00000, 0x0000000100000000)
  region size 1024K, 1 young (1024K), 1 survivors (1024K)
 Metaspace       used 53258K, committed 53504K, reserved 1114112K
  class space    used 6323K, committed 6400K, reserved 1048576K
}
Event: 26.893 GC heap before
{Heap before GC invocations=31 (full 0):
 garbage-first heap   total 65536K, used 38901K [0x00000000c8e00000, 0x0000000100000000)
  region size 1024K, 3 young (3072K), 1 survivors (1024K)
 Metaspace       used 53274K, committed 53504K, reserved 1114112K
  class space    used 6323K, committed 6400K, reserved 1048576K
}

Dll operation events (2 events):
Event: 0.021 Loaded shared library C:\Program Files\Android\Android Studio\jbr\bin\java.dll
Event: 7.555 Loaded shared library C:\Program Files\Android\Android Studio\jbr\bin\verify.dll

Deoptimization events (20 events):
Event: 26.822 Thread 0x000002c28ee4fa60 DEOPT PACKING pc=0x000002c29b7db170 sp=0x000000d5c42fc4f0
Event: 26.822 Thread 0x000002c28ee4fa60 DEOPT UNPACKING pc=0x000002c29b0769a3 sp=0x000000d5c42fc4f0 mode 2
Event: 26.823 Thread 0x000002c28ee4fa60 Uncommon trap: trap_request=0xffffffc6 fr.pc=0x000002c29b7db170 relative=0x0000000000002390
Event: 26.823 Thread 0x000002c28ee4fa60 Uncommon trap: reason=bimorphic_or_optimized_type_check action=maybe_recompile pc=0x000002c29b7db170 method=kotlin.collections.CollectionsKt__MutableCollectionsKt.addAll(Ljava/util/Collection;Ljava/lang/Iterable;)Z @ 24 c2
Event: 26.823 Thread 0x000002c28ee4fa60 DEOPT PACKING pc=0x000002c29b7db170 sp=0x000000d5c42fc4f0
Event: 26.823 Thread 0x000002c28ee4fa60 DEOPT UNPACKING pc=0x000002c29b0769a3 sp=0x000000d5c42fc4f0 mode 2
Event: 26.824 Thread 0x000002c28ee4fa60 Uncommon trap: trap_request=0xffffffc6 fr.pc=0x000002c29b7db170 relative=0x0000000000002390
Event: 26.824 Thread 0x000002c28ee4fa60 Uncommon trap: reason=bimorphic_or_optimized_type_check action=maybe_recompile pc=0x000002c29b7db170 method=kotlin.collections.CollectionsKt__MutableCollectionsKt.addAll(Ljava/util/Collection;Ljava/lang/Iterable;)Z @ 24 c2
Event: 26.824 Thread 0x000002c28ee4fa60 DEOPT PACKING pc=0x000002c29b7db170 sp=0x000000d5c42fc4f0
Event: 26.824 Thread 0x000002c28ee4fa60 DEOPT UNPACKING pc=0x000002c29b0769a3 sp=0x000000d5c42fc4f0 mode 2
Event: 26.825 Thread 0x000002c28ee4fa60 Uncommon trap: trap_request=0xffffffc6 fr.pc=0x000002c29b7db170 relative=0x0000000000002390
Event: 26.825 Thread 0x000002c28ee4fa60 Uncommon trap: reason=bimorphic_or_optimized_type_check action=maybe_recompile pc=0x000002c29b7db170 method=kotlin.collections.CollectionsKt__MutableCollectionsKt.addAll(Ljava/util/Collection;Ljava/lang/Iterable;)Z @ 24 c2
Event: 26.826 Thread 0x000002c28ee4fa60 DEOPT PACKING pc=0x000002c29b7db170 sp=0x000000d5c42fc4f0
Event: 26.826 Thread 0x000002c28ee4fa60 DEOPT UNPACKING pc=0x000002c29b0769a3 sp=0x000000d5c42fc4f0 mode 2
Event: 26.861 Thread 0x000002c28ee4fa60 Uncommon trap: trap_request=0xffffff45 fr.pc=0x000002c29b72406c relative=0x0000000000000e0c
Event: 26.861 Thread 0x000002c28ee4fa60 Uncommon trap: reason=unstable_if action=reinterpret pc=0x000002c29b72406c method=gnu.trove.TObjectHash.insertionIndex(Ljava/lang/Object;)I @ 182 c2
Event: 26.861 Thread 0x000002c28ee4fa60 DEOPT PACKING pc=0x000002c29b72406c sp=0x000000d5c42fc3a0
Event: 26.861 Thread 0x000002c28ee4fa60 DEOPT UNPACKING pc=0x000002c29b0769a3 sp=0x000000d5c42fc328 mode 2
Event: 26.872 Thread 0x000002c28ee4fa60 DEOPT PACKING pc=0x000002c29421994f sp=0x000000d5c42fb4a0
Event: 26.872 Thread 0x000002c28ee4fa60 DEOPT UNPACKING pc=0x000002c29b077143 sp=0x000000d5c42fa960 mode 0

Classes unloaded (0 events):
No events

Classes redefined (0 events):
No events

Internal exceptions (20 events):
Event: 7.043 Thread 0x000002c28ee4fa60 Exception <a 'java/lang/NoSuchMethodError'{0x00000000cb243cd8}: 'int java.lang.invoke.DelegatingMethodHandle$Holder.reinvoke_L(java.lang.Object, java.lang.Object, java.lang.Object, long, int)'> (0x00000000cb243cd8) 
thrown [s\src\hotspot\share\interpreter\linkResolver.cpp, line 771]
Event: 7.109 Thread 0x000002c28ee4fa60 Exception <a 'java/lang/NoSuchMethodError'{0x00000000cb2ebce0}: 'int java.lang.invoke.DirectMethodHandle$Holder.invokeStaticInit(java.lang.Object, java.lang.Object, java.lang.Object)'> (0x00000000cb2ebce0) 
thrown [s\src\hotspot\share\interpreter\linkResolver.cpp, line 771]
Event: 7.121 Thread 0x000002c28ee4fa60 Exception <a 'java/lang/NoSuchMethodError'{0x00000000cb114620}: 'int java.lang.invoke.DirectMethodHandle$Holder.invokeStaticInit(java.lang.Object, java.lang.Object)'> (0x00000000cb114620) 
thrown [s\src\hotspot\share\interpreter\linkResolver.cpp, line 771]
Event: 7.192 Thread 0x000002c28ee4fa60 Exception <a 'java/lang/NoSuchMethodError'{0x00000000cb1f4520}: 'void java.lang.invoke.DirectMethodHandle$Holder.invokeSpecial(java.lang.Object, java.lang.Object, java.lang.Object)'> (0x00000000cb1f4520) 
thrown [s\src\hotspot\share\interpreter\linkResolver.cpp, line 771]
Event: 7.366 Thread 0x000002c28ee4fa60 Exception <a 'java/lang/NoSuchMethodError'{0x00000000cad1e910}: 'void java.lang.invoke.DirectMethodHandle$Holder.invokeStatic(java.lang.Object, java.lang.Object, java.lang.Object, java.lang.Object)'> (0x00000000cad1e910) 
thrown [s\src\hotspot\share\interpreter\linkResolver.cpp, line 771]
Event: 7.491 Thread 0x000002c28ee4fa60 Exception <a 'java/lang/NoSuchMethodError'{0x00000000ca5ded98}: 'void java.lang.invoke.DirectMethodHandle$Holder.invokeStaticInit(java.lang.Object, java.lang.Object)'> (0x00000000ca5ded98) 
thrown [s\src\hotspot\share\interpreter\linkResolver.cpp, line 771]
Event: 7.764 Thread 0x000002c28ee4fa60 Exception <a 'java/lang/NoSuchMethodError'{0x00000000c9f6e830}: 'void java.lang.invoke.DirectMethodHandle$Holder.invokeVirtual(java.lang.Object, java.lang.Object)'> (0x00000000c9f6e830) 
thrown [s\src\hotspot\share\interpreter\linkResolver.cpp, line 771]
Event: 7.819 Thread 0x000002c28ee4fa60 Exception <a 'java/lang/NoSuchMethodError'{0x00000000c9fbb5e8}: 'int java.lang.invoke.DirectMethodHandle$Holder.invokeVirtual(java.lang.Object, java.lang.Object)'> (0x00000000c9fbb5e8) 
thrown [s\src\hotspot\share\interpreter\linkResolver.cpp, line 771]
Event: 7.912 Thread 0x000002c28ee4fa60 Exception <a 'java/lang/NoSuchMethodError'{0x00000000c9e54b70}: 'java.lang.Object java.lang.invoke.Invokers$Holder.invokeExact_MT(java.lang.Object, java.lang.Object, java.lang.Object, java.lang.Object, java.lang.Object, java.lang.Object)'> (0x00000000c9e54b70) 
thrown [s\src\hotspot\share\interpreter\linkResolver.cpp, line 771]
Event: 9.915 Thread 0x000002c28ee4fa60 Implicit null exception at 0x000002c29b5d88f2 to 0x000002c29b5d8ebc
Event: 11.018 Thread 0x000002c28ee4fa60 Implicit null exception at 0x000002c29b5d9df2 to 0x000002c29b5da3cc
Event: 11.444 Thread 0x000002c28ee4fa60 Exception <a 'java/lang/NoSuchMethodError'{0x00000000cb16b710}: 'java.lang.Object java.lang.invoke.DirectMethodHandle$Holder.invokeVirtual(java.lang.Object, java.lang.Object, java.lang.Object)'> (0x00000000cb16b710) 
thrown [s\src\hotspot\share\interpreter\linkResolver.cpp, line 771]
Event: 16.400 Thread 0x000002c28ee4fa60 Exception <a 'java/lang/NoSuchMethodError'{0x00000000cac694e0}: 'java.lang.Object java.lang.invoke.DirectMethodHandle$Holder.newInvokeSpecial(java.lang.Object, java.lang.Object, int)'> (0x00000000cac694e0) 
thrown [s\src\hotspot\share\interpreter\linkResolver.cpp, line 771]
Event: 16.819 Thread 0x000002c28ee4fa60 Exception <a 'java/lang/NoSuchMethodError'{0x00000000cb20ceb8}: 'java.lang.Object java.lang.invoke.DirectMethodHandle$Holder.newInvokeSpecial(java.lang.Object, java.lang.Object, java.lang.Object, int)'> (0x00000000cb20ceb8) 
thrown [s\src\hotspot\share\interpreter\linkResolver.cpp, line 771]
Event: 16.820 Thread 0x000002c28ee4fa60 Exception <a 'java/lang/NoSuchMethodError'{0x00000000cb211540}: 'java.lang.Object java.lang.invoke.DirectMethodHandle$Holder.invokeSpecial(java.lang.Object, java.lang.Object, java.lang.Object, java.lang.Object, int)'> (0x00000000cb211540) 
thrown [s\src\hotspot\share\interpreter\linkResolver.cpp, line 771]
Event: 16.820 Thread 0x000002c28ee4fa60 Exception <a 'java/lang/NoSuchMethodError'{0x00000000cb2153b0}: 'java.lang.Object java.lang.invoke.Invokers$Holder.linkToTargetMethod(java.lang.Object, java.lang.Object, int, java.lang.Object)'> (0x00000000cb2153b0) 
thrown [s\src\hotspot\share\interpreter\linkResolver.cpp, line 771]
Event: 19.986 Thread 0x000002c28ee4fa60 Exception <a 'java/lang/NoSuchMethodError'{0x00000000cc562f18}: 'java.lang.Object java.lang.invoke.DirectMethodHandle$Holder.newInvokeSpecial(java.lang.Object, java.lang.Object, java.lang.Object, java.lang.Object, java.lang.Object, java.lang.Object)'> (0x00000000cc562f18) 
thrown [s\src\hotspot\share\interpreter\linkResolver.cpp, line 771]
Event: 21.795 Thread 0x000002c28ee4fa60 Exception <a 'java/lang/NoSuchMethodError'{0x00000000cb82a7b8}: 'java.lang.Object java.lang.invoke.DirectMethodHandle$Holder.invokeStaticInit(java.lang.Object, java.lang.Object, java.lang.Object)'> (0x00000000cb82a7b8) 
thrown [s\src\hotspot\share\interpreter\linkResolver.cpp, line 771]
Event: 26.707 Thread 0x000002c28ee4fa60 Implicit null exception at 0x000002c29b7dd087 to 0x000002c29b7dd280
Event: 26.738 Thread 0x000002c28ee4fa60 Implicit null exception at 0x000002c29b609c8c to 0x000002c29b609ea0

VM Operations (20 events):
Event: 26.364 Executing VM operation: G1CollectForAllocation done
Event: 26.486 Executing VM operation: G1Concurrent
Event: 26.497 Executing VM operation: G1Concurrent done
Event: 26.501 Executing VM operation: HandshakeAllThreads
Event: 26.501 Executing VM operation: HandshakeAllThreads done
Event: 26.542 Executing VM operation: G1Concurrent
Event: 26.542 Executing VM operation: G1Concurrent done
Event: 26.561 Executing VM operation: HandshakeAllThreads
Event: 26.561 Executing VM operation: HandshakeAllThreads done
Event: 26.650 Executing VM operation: HandshakeAllThreads
Event: 26.650 Executing VM operation: HandshakeAllThreads done
Event: 26.656 Executing VM operation: HandshakeAllThreads
Event: 26.656 Executing VM operation: HandshakeAllThreads done
Event: 26.663 Executing VM operation: HandshakeAllThreads
Event: 26.663 Executing VM operation: HandshakeAllThreads done
Event: 26.778 Executing VM operation: HandshakeAllThreads
Event: 26.778 Executing VM operation: HandshakeAllThreads done
Event: 26.848 Executing VM operation: G1CollectForAllocation
Event: 26.858 Executing VM operation: G1CollectForAllocation done
Event: 26.893 Executing VM operation: G1CollectForAllocation

Events (20 events):
Event: 18.579 loading class java/util/stream/Sink$OfInt
Event: 18.579 loading class java/util/function/IntConsumer
Event: 18.579 loading class java/util/function/IntConsumer done
Event: 18.579 loading class java/util/stream/Sink$OfInt done
Event: 18.579 loading class java/util/stream/Sink$ChainedInt done
Event: 18.579 loading class java/util/stream/IntPipeline$1$1 done
Event: 18.605 loading class java/io/InvalidObjectException
Event: 18.605 loading class java/io/InvalidObjectException done
Event: 18.672 loading class java/util/AbstractList$SubList$1
Event: 18.672 loading class java/util/AbstractList$SubList$1 done
Event: 19.029 loading class java/text/StringCharacterIterator
Event: 19.029 loading class java/text/CharacterIterator
Event: 19.029 loading class java/text/CharacterIterator done
Event: 19.029 loading class java/text/StringCharacterIterator done
Event: 20.005 loading class java/util/RegularEnumSet$EnumSetIterator
Event: 20.005 loading class java/util/RegularEnumSet$EnumSetIterator done
Event: 20.534 loading class java/util/Collections$SingletonMap
Event: 20.534 loading class java/util/Collections$SingletonMap done
Event: 26.724 loading class java/security/CodeSigner
Event: 26.724 loading class java/security/CodeSigner done


Dynamic libraries:
0x00007ff778d40000 - 0x00007ff778d4a000 	C:\Program Files\Android\Android Studio\jbr\bin\java.exe
0x00007ffb9b250000 - 0x00007ffb9b467000 	C:\WINDOWS\SYSTEM32\ntdll.dll
0x00007ffb9a210000 - 0x00007ffb9a2d4000 	C:\WINDOWS\System32\KERNEL32.DLL
0x00007ffb98a00000 - 0x00007ffb98dac000 	C:\WINDOWS\System32\KERNELBASE.dll
0x00007ffb98e70000 - 0x00007ffb98f81000 	C:\WINDOWS\System32\ucrtbase.dll
0x00007ffb8d700000 - 0x00007ffb8d71b000 	C:\Program Files\Android\Android Studio\jbr\bin\VCRUNTIME140.dll
0x00007ffb89090000 - 0x00007ffb890a7000 	C:\Program Files\Android\Android Studio\jbr\bin\jli.dll
0x00007ffb9ad80000 - 0x00007ffb9af2e000 	C:\WINDOWS\System32\USER32.dll
0x00007ffb988b0000 - 0x00007ffb988d6000 	C:\WINDOWS\System32\win32u.dll
0x00007ffb9b0f0000 - 0x00007ffb9b119000 	C:\WINDOWS\System32\GDI32.dll
0x00007ffb98720000 - 0x00007ffb98839000 	C:\WINDOWS\System32\gdi32full.dll
0x00007ffb8bef0000 - 0x00007ffb8c183000 	C:\WINDOWS\WinSxS\amd64_microsoft.windows.common-controls_6595b64144ccf1df_6.0.22621.3672_none_2713b9d173822955\COMCTL32.dll
0x00007ffb988e0000 - 0x00007ffb9897a000 	C:\WINDOWS\System32\msvcp_win.dll
0x00007ffb9a160000 - 0x00007ffb9a207000 	C:\WINDOWS\System32\msvcrt.dll
0x00007ffb9b1d0000 - 0x00007ffb9b201000 	C:\WINDOWS\System32\IMM32.DLL
0x00007ffb94590000 - 0x00007ffb9459c000 	C:\Program Files\Android\Android Studio\jbr\bin\vcruntime140_1.dll
0x00007ffb88470000 - 0x00007ffb884fd000 	C:\Program Files\Android\Android Studio\jbr\bin\msvcp140.dll
0x00007ffb559a0000 - 0x00007ffb56620000 	C:\Program Files\Android\Android Studio\jbr\bin\server\jvm.dll
0x00007ffb99710000 - 0x00007ffb997c2000 	C:\WINDOWS\System32\ADVAPI32.dll
0x00007ffb9ac70000 - 0x00007ffb9ad1a000 	C:\WINDOWS\System32\sechost.dll
0x00007ffb986f0000 - 0x00007ffb98718000 	C:\WINDOWS\System32\bcrypt.dll
0x00007ffb99180000 - 0x00007ffb99295000 	C:\WINDOWS\System32\RPCRT4.dll
0x00007ffb87140000 - 0x00007ffb87149000 	C:\WINDOWS\SYSTEM32\WSOCK32.dll
0x00007ffb98f90000 - 0x00007ffb99001000 	C:\WINDOWS\System32\WS2_32.dll
0x00007ffb91110000 - 0x00007ffb9111a000 	C:\WINDOWS\SYSTEM32\VERSION.dll
0x00007ffb94400000 - 0x00007ffb94434000 	C:\WINDOWS\SYSTEM32\WINMM.dll
0x00007ffb975b0000 - 0x00007ffb975c8000 	C:\WINDOWS\SYSTEM32\kernel.appcore.dll
0x00007ffb94dc0000 - 0x00007ffb94dca000 	C:\Program Files\Android\Android Studio\jbr\bin\jimage.dll
0x00007ffb76890000 - 0x00007ffb76ac2000 	C:\WINDOWS\SYSTEM32\DBGHELP.DLL
0x00007ffb99dc0000 - 0x00007ffb9a148000 	C:\WINDOWS\System32\combase.dll
0x00007ffb99080000 - 0x00007ffb99157000 	C:\WINDOWS\System32\OLEAUT32.dll
0x00007ffb76850000 - 0x00007ffb76882000 	C:\WINDOWS\SYSTEM32\dbgcore.DLL
0x00007ffb98980000 - 0x00007ffb989fb000 	C:\WINDOWS\System32\bcryptPrimitives.dll
0x00007ffb90320000 - 0x00007ffb90345000 	C:\Program Files\Android\Android Studio\jbr\bin\java.dll
0x00007ffb8f2c0000 - 0x00007ffb8f2d8000 	C:\Program Files\Android\Android Studio\jbr\bin\zip.dll
0x00007ffb9a400000 - 0x00007ffb9ac5c000 	C:\WINDOWS\System32\SHELL32.dll
0x00007ffb964d0000 - 0x00007ffb96dc7000 	C:\WINDOWS\SYSTEM32\windows.storage.dll
0x00007ffb96390000 - 0x00007ffb964cf000 	C:\WINDOWS\SYSTEM32\wintypes.dll
0x00007ffb9a2e0000 - 0x00007ffb9a3d4000 	C:\WINDOWS\System32\SHCORE.dll
0x00007ffb9af30000 - 0x00007ffb9af8e000 	C:\WINDOWS\System32\shlwapi.dll
0x00007ffb984b0000 - 0x00007ffb984d1000 	C:\WINDOWS\SYSTEM32\profapi.dll
0x00007ffb8d8e0000 - 0x00007ffb8d8f9000 	C:\Program Files\Android\Android Studio\jbr\bin\net.dll
0x00007ffb947a0000 - 0x00007ffb948d6000 	C:\WINDOWS\SYSTEM32\WINHTTP.dll
0x00007ffb97a20000 - 0x00007ffb97a89000 	C:\WINDOWS\system32\mswsock.dll
0x00007ffb89ee0000 - 0x00007ffb89ef6000 	C:\Program Files\Android\Android Studio\jbr\bin\nio.dll
0x00007ffb8f2b0000 - 0x00007ffb8f2c0000 	C:\Program Files\Android\Android Studio\jbr\bin\verify.dll

dbghelp: loaded successfully - version: 4.0.5 - missing functions: none
symbol engine: initialized successfully - sym options: 0x614 - pdb path: .;C:\Program Files\Android\Android Studio\jbr\bin;C:\WINDOWS\SYSTEM32;C:\WINDOWS\WinSxS\amd64_microsoft.windows.common-controls_6595b64144ccf1df_6.0.22621.3672_none_2713b9d173822955;C:\Program Files\Android\Android Studio\jbr\bin\server

VM Arguments:
java_command: org.jetbrains.kotlin.cli.jvm.K2JVMCompiler @C:\Users\arip saputra\AndroidStudioProjects\NotePadTAM_UAS\app\build\20240620_17212314274527498947.compiler.options
java_class_path (initial): C:\Users\arip saputra\.gradle\caches\modules-2\files-2.1\org.jetbrains.kotlin\kotlin-compiler-embeddable\1.9.0\2c8c3a7402becca891f12739b3e9fd2dc2adbd7a\kotlin-compiler-embeddable-1.9.0.jar;C:\Users\arip saputra\.gradle\caches\modules-2\files-2.1\org.jetbrains.kotlin\kotlin-stdlib\1.9.0\8ee15ef0c67dc83d874f412d84378d7f0eb50b63\kotlin-stdlib-1.9.0.jar;C:\Users\arip saputra\.gradle\caches\modules-2\files-2.1\org.jetbrains.kotlin\kotlin-script-runtime\1.9.0\4b3102cbbb7e1b58d9d1adf89563f00069ffa7d1\kotlin-script-runtime-1.9.0.jar;C:\Users\arip saputra\.gradle\caches\modules-2\files-2.1\org.jetbrains.kotlin\kotlin-reflect\1.6.10\1cbe9c92c12a94eea200d23c2bbaedaf3daf5132\kotlin-reflect-1.6.10.jar;C:\Users\arip saputra\.gradle\caches\modules-2\files-2.1\org.jetbrains.kotlin\kotlin-daemon-embeddable\1.9.0\186543f5e28cf8d9a0290fecc2cf34301c40a65c\kotlin-daemon-embeddable-1.9.0.jar;C:\Users\arip saputra\.gradle\caches\modules-2\files-2.1\org.jetbrains.intellij.deps\trove4j\1.0.20200330\3afb14d5f9ceb459d724e907a21145e8ff394f02\trove4j-1.0.20200330.jar;C:\Users\arip saputra\.gradle\caches\modules-2\files-2.1\org.jetbrains.kotlin\kotlin-stdlib-common\1.9.0\cd65c21cfd1eec4d44ef09f9f52b6d9f8a720636\kotlin-stdlib-common-1.9.0.jar;C:\Users\arip saputra\.gradle\caches\modules-2\files-2.1\org.jetbrains\annotations\13.0\919f0dfe192fb4e063e7dacadee7f8bb9a2672a9\annotations-13.0.jar
Launcher Type: SUN_STANDARD

[Global flags]
     intx CICompilerCount                          = 3                                         {product} {ergonomic}
     uint ConcGCThreads                            = 1                                         {product} {ergonomic}
     uint G1ConcRefinementThreads                  = 4                                         {product} {ergonomic}
   size_t G1HeapRegionSize                         = 1048576                                   {product} {ergonomic}
    uintx GCDrainStackTargetSize                   = 64                                        {product} {ergonomic}
   size_t InitialHeapSize                          = 58720256                                  {product} {ergonomic}
   size_t MarkStackSize                            = 4194304                                   {product} {ergonomic}
   size_t MaxHeapSize                              = 924844032                                 {product} {ergonomic}
   size_t MaxNewSize                               = 554696704                                 {product} {ergonomic}
   size_t MinHeapDeltaBytes                        = 1048576                                   {product} {ergonomic}
   size_t MinHeapSize                              = 8388608                                   {product} {ergonomic}
    uintx NonNMethodCodeHeapSize                   = 5832780                                {pd product} {ergonomic}
    uintx NonProfiledCodeHeapSize                  = 122912730                              {pd product} {ergonomic}
    uintx ProfiledCodeHeapSize                     = 122912730                              {pd product} {ergonomic}
    uintx ReservedCodeCacheSize                    = 251658240                              {pd product} {ergonomic}
     bool SegmentedCodeCache                       = true                                      {product} {ergonomic}
   size_t SoftMaxHeapSize                          = 924844032                              {manageable} {ergonomic}
     bool UseCompressedClassPointers               = true                           {product lp64_product} {ergonomic}
     bool UseCompressedOops                        = true                           {product lp64_product} {ergonomic}
     bool UseG1GC                                  = true                                      {product} {ergonomic}
     bool UseLargePagesIndividualAllocation        = false                                  {pd product} {ergonomic}

Logging:
Log output configuration:
 #0: stdout all=warning uptime,level,tags
 #1: stderr all=off uptime,level,tags

Environment Variables:
JAVA_HOME=C:\Program Files\Java\jdk-21
PATH=C:\Python312\Scripts\;C:\Python312\;C:\Program Files\Common Files\Oracle\Java\javapath;C:\WINDOWS\system32;C:\WINDOWS;C:\WINDOWS\System32\Wbem;C:\WINDOWS\System32\WindowsPowerShell\v1.0\;C:\WINDOWS\System32\OpenSSH\;C:\Program Files\dotnet\;C:\Program Files\Java\jdk-21\bin;C:\Program Files\Java\jdk-20\bin;C:\Program Files\Java\jdk1.8.0_45\bin;C:\Program Files\Github\cmd;C:\Program Files\Java\jdk-21\bin;C:\Program Files\swipl\bin;C:\Program Files\nodejs\;C:\ProgramData\chocolatey\bin;C:\Users\arip saputra\AppData\Local\Programs\Python\Python39\Scripts\;C:\Users\arip saputra\AppData\Local\Programs\Python\Python39\;C:\Users\arip saputra\AppData\Local\Microsoft\WindowsApps;;C:\Program Files\JetBrains\IntelliJ IDEA 2023.2.2\bin;;C:\Users\arip saputra\AppData\Local\Programs\Microsoft VS Code\bin;C:\Users\arip saputra\AppData\Roaming\npm
USERNAME=arip saputra
OS=Windows_NT
PROCESSOR_IDENTIFIER=AMD64 Family 23 Model 24 Stepping 1, AuthenticAMD
TMP=C:\Users\ARIPSA~1\AppData\Local\Temp
TEMP=C:\Users\ARIPSA~1\AppData\Local\Temp


JNI global refs:
JNI global refs: 8, weak refs: 5

JNI global refs memory usage: 843, weak refs: 841

OOME stack traces (most recent first):
Classloader memory used:
Loader jdk.internal.loader.ClassLoaders$AppClassLoader                                 : 5327K
Loader bootstrap                                                                       : 1296K
Loader java.net.URLClassLoader                                                         : 27510B
Loader jdk.internal.reflect.DelegatingClassLoader                                      : 8629B


---------------  S Y S T E M  ---------------

OS:
 Windows 11 , 64 bit Build 22621 (10.0.22621.3672)
OS uptime: 2 days 11:37 hours

CPU: total 4 (initial active 4) (4 cores per cpu, 2 threads per core) family 23 model 24 stepping 1 microcode 0x0, cx8, cmov, fxsr, ht, mmx, 3dnowpref, sse, sse2, sse3, ssse3, sse4a, sse4.1, sse4.2, popcnt, lzcnt, tsc, tscinvbit, avx, avx2, aes, clmul, bmi1, bmi2, adx, sha, fma, vzeroupper, clflush, clflushopt

Memory: 4k page, system-wide physical 3521M (331M free)
TotalPageFile size 14273M (AvailPageFile size 39M)
current process WorkingSet (physical memory assigned to process): 180M, peak: 187M
current process commit charge ("private bytes"): 218M, peak: 266M

vm_info: OpenJDK 64-Bit Server VM (17.0.7+0-b2043.56-10550314) for windows-amd64 JRE (17.0.7+0-b2043.56-10550314), built on Jul 24 2023 18:27:45 by "androidbuild" with MS VC++ 16.10 / 16.11 (VS2019)

END.
