#
# There is insufficient memory for the Java Runtime Environment to continue.
# Native memory allocation (mmap) failed to map 145752064 bytes for G1 virtual space
# Possible reasons:
#   The system is out of physical RAM or swap space
#   The process is running with CompressedOops enabled, and the Java Heap may be blocking the growth of the native heap
# Possible solutions:
#   Reduce memory load on the system
#   Increase physical memory or swap space
#   Check if swap backing store is full
#   Decrease Java heap size (-Xmx/-Xms)
#   Decrease number of Java threads
#   Decrease Java thread stack sizes (-Xss)
#   Set larger code cache with -XX:ReservedCodeCacheSize=
#   JVM is running with Unscaled Compressed Oops mode in which the Java heap is
#     placed in the first 4GB address space. The Java Heap base address is the
#     maximum limit for the native heap growth. Please use -XX:HeapBaseMinAddress
#     to set the Java Heap base and to place the Java Heap above 4GB virtual address.
# This output file may be truncated or incomplete.
#
#  Out of Memory Error (os_windows.cpp:3771), pid=20188, tid=8184
#
# JRE version: OpenJDK Runtime Environment (17.0.7) (build 17.0.7+0-b2043.56-10550314)
# Java VM: OpenJDK 64-Bit Server VM (17.0.7+0-b2043.56-10550314, mixed mode, tiered, compressed oops, compressed class ptrs, g1 gc, windows-amd64)
# No core dump will be written. Minidumps are not enabled by default on client versions of Windows
#

---------------  S U M M A R Y ------------

Command Line: org.jetbrains.kotlin.cli.jvm.K2JVMCompiler @C:\Users\arip saputra\AndroidStudioProjects\NotePadTAM_UAS\app\build\20240620_992557517050051653.compiler.options

Host: AMD Ryzen 3 3250U with Radeon Graphics         , 4 cores, 3G,  Windows 11 , 64 bit Build 22621 (10.0.22621.3672)
Time: Thu Jun 20 20:06:00 2024 SE Asia Standard Time elapsed time: 40.243116 seconds (0d 0h 0m 40s)

---------------  T H R E A D  ---------------

Current thread (0x0000014fa69a3d30):  VMThread "VM Thread" [stack: 0x00000025f2d00000,0x00000025f2e00000] [id=8184]

Stack: [0x00000025f2d00000,0x00000025f2e00000]
Native frames: (J=compiled Java code, j=interpreted, Vv=VM code, C=native code)
V  [jvm.dll+0x683bfa]
V  [jvm.dll+0x8430a4]
V  [jvm.dll+0x8449be]
V  [jvm.dll+0x845023]
V  [jvm.dll+0x24ad2f]
V  [jvm.dll+0x680ac9]
V  [jvm.dll+0x67519a]
V  [jvm.dll+0x30b3cb]
V  [jvm.dll+0x312876]
V  [jvm.dll+0x36221e]
V  [jvm.dll+0x36244f]
V  [jvm.dll+0x2e14a8]
V  [jvm.dll+0x2df684]
V  [jvm.dll+0x2dec8c]
V  [jvm.dll+0x32382b]
V  [jvm.dll+0x8496eb]
V  [jvm.dll+0x84a424]
V  [jvm.dll+0x84a93d]
V  [jvm.dll+0x84ad14]
V  [jvm.dll+0x84ade0]
V  [jvm.dll+0x7f2aea]
V  [jvm.dll+0x682a35]
C  [ucrtbase.dll+0x29333]
C  [KERNEL32.DLL+0x1257d]
C  [ntdll.dll+0x5af28]

VM_Operation (0x00000025f27f6d70): G1CollectForAllocation, mode: safepoint, requested by thread 0x0000014f8dffed80


---------------  P R O C E S S  ---------------

Threads class SMR info:
_java_thread_list=0x0000014fae4b4840, length=12, elements={
0x0000014f8dffed80, 0x0000014fa69a7a50, 0x0000014fa69a88c0, 0x0000014fa69fa910,
0x0000014fa69fb4c0, 0x0000014fa69fdf80, 0x0000014fa6a10010, 0x0000014fa6a11940,
0x0000014fa6a12330, 0x0000014fab020090, 0x0000014fab14a370, 0x0000014fab15e1c0
}

Java Threads: ( => current thread )
  0x0000014f8dffed80 JavaThread "main" [_thread_blocked, id=15448, stack(0x00000025f2700000,0x00000025f2800000)]
  0x0000014fa69a7a50 JavaThread "Reference Handler" daemon [_thread_blocked, id=13088, stack(0x00000025f2e00000,0x00000025f2f00000)]
  0x0000014fa69a88c0 JavaThread "Finalizer" daemon [_thread_blocked, id=17796, stack(0x00000025f2f00000,0x00000025f3000000)]
  0x0000014fa69fa910 JavaThread "Signal Dispatcher" daemon [_thread_blocked, id=13092, stack(0x00000025f3000000,0x00000025f3100000)]
  0x0000014fa69fb4c0 JavaThread "Attach Listener" daemon [_thread_blocked, id=18680, stack(0x00000025f3100000,0x00000025f3200000)]
  0x0000014fa69fdf80 JavaThread "Service Thread" daemon [_thread_blocked, id=15476, stack(0x00000025f3200000,0x00000025f3300000)]
  0x0000014fa6a10010 JavaThread "Monitor Deflation Thread" daemon [_thread_blocked, id=15244, stack(0x00000025f3300000,0x00000025f3400000)]
  0x0000014fa6a11940 JavaThread "C2 CompilerThread0" daemon [_thread_blocked, id=8232, stack(0x00000025f3400000,0x00000025f3500000)]
  0x0000014fa6a12330 JavaThread "C1 CompilerThread0" daemon [_thread_blocked, id=10340, stack(0x00000025f3500000,0x00000025f3600000)]
  0x0000014fab020090 JavaThread "Sweeper thread" daemon [_thread_blocked, id=15880, stack(0x00000025f3600000,0x00000025f3700000)]
  0x0000014fab14a370 JavaThread "Notification Thread" daemon [_thread_blocked, id=10560, stack(0x00000025f3700000,0x00000025f3800000)]
  0x0000014fab15e1c0 JavaThread "Common-Cleaner" daemon [_thread_blocked, id=3268, stack(0x00000025f3900000,0x00000025f3a00000)]

Other Threads:
=>0x0000014fa69a3d30 VMThread "VM Thread" [stack: 0x00000025f2d00000,0x00000025f2e00000] [id=8184]
  0x0000014f8e047050 WatcherThread [stack: 0x00000025f3800000,0x00000025f3900000] [id=9708]
  0x0000014f8e037400 GCTaskThread "GC Thread#0" [stack: 0x00000025f2800000,0x00000025f2900000] [id=13244]
  0x0000014fab55cd90 GCTaskThread "GC Thread#1" [stack: 0x00000025f3a00000,0x00000025f3b00000] [id=10052]
  0x0000014fab568d20 GCTaskThread "GC Thread#2" [stack: 0x00000025f3b00000,0x00000025f3c00000] [id=19108]
  0x0000014fab56e930 GCTaskThread "GC Thread#3" [stack: 0x00000025f3c00000,0x00000025f3d00000] [id=10348]
  0x0000014f8e03f180 ConcurrentGCThread "G1 Main Marker" [stack: 0x00000025f2900000,0x00000025f2a00000] [id=16464]
  0x0000014f8e040330 ConcurrentGCThread "G1 Conc#0" [stack: 0x00000025f2a00000,0x00000025f2b00000] [id=8592]
  0x0000014f8e07f570 ConcurrentGCThread "G1 Refine#0" [stack: 0x00000025f2b00000,0x00000025f2c00000] [id=11792]
  0x0000014fac491040 ConcurrentGCThread "G1 Refine#1" [stack: 0x00000025f3d00000,0x00000025f3e00000] [id=14484]
  0x0000014f8e07ff90 ConcurrentGCThread "G1 Service" [stack: 0x00000025f2c00000,0x00000025f2d00000] [id=1212]

Threads with active compile tasks:
C2 CompilerThread0    40302 7527       4       org.jetbrains.org.objectweb.asm.ClassReader::readElementValue (1237 bytes)

VM state: at safepoint (normal execution)

VM Mutex/Monitor currently owned by a thread:  ([mutex/lock_event])
[0x0000014f8dff9e70] Threads_lock - owner thread: 0x0000014fa69a3d30
[0x0000014f8dff9ba0] Heap_lock - owner thread: 0x0000014f8dffed80

Heap address: 0x00000000c8e00000, size: 882 MB, Compressed Oops mode: 32-bit

CDS archive(s) not mapped
Compressed class space mapped at: 0x0000000100000000-0x0000000140000000, reserved size: 1073741824
Narrow klass base: 0x0000000000000000, Narrow klass shift: 3, Narrow klass range: 0x140000000

GC Precious Log:
 CPUs: 4 total, 4 available
 Memory: 3521M
 Large Page Support: Disabled
 NUMA Support: Disabled
 Compressed Oops: Enabled (32-bit)
 Heap Region Size: 1M
 Heap Min Capacity: 8M
 Heap Initial Capacity: 56M
 Heap Max Capacity: 882M
 Pre-touch: Disabled
 Parallel Workers: 4
 Concurrent Workers: 1
 Concurrent Refinement Workers: 4
 Periodic GC: Disabled

Heap:
 garbage-first heap   total 80896K, used 49960K [0x00000000c8e00000, 0x0000000100000000)
  region size 1024K, 3 young (3072K), 3 survivors (3072K)
 Metaspace       used 57931K, committed 58112K, reserved 1114112K
  class space    used 6772K, committed 6848K, reserved 1048576K

Heap Regions: E=young(eden), S=young(survivor), O=old, HS=humongous(starts), HC=humongous(continues), CS=collection set, F=free, OA=open archive, CA=closed archive, TAMS=top-at-mark-start (previous, next)
|   0|0x00000000c8e00000, 0x00000000c8f00000, 0x00000000c8f00000|100%|HS|  |TAMS 0x00000000c8f00000, 0x00000000c8f00000| Complete 
|   1|0x00000000c8f00000, 0x00000000c9000000, 0x00000000c9000000|100%|HC|  |TAMS 0x00000000c9000000, 0x00000000c9000000| Complete 
|   2|0x00000000c9000000, 0x00000000c9100000, 0x00000000c9100000|100%|HC|  |TAMS 0x00000000c9100000, 0x00000000c9100000| Complete 
|   3|0x00000000c9100000, 0x00000000c9200000, 0x00000000c9200000|100%|HC|  |TAMS 0x00000000c9200000, 0x00000000c9200000| Complete 
|   4|0x00000000c9200000, 0x00000000c92f3a00, 0x00000000c9300000| 95%| O|  |TAMS 0x00000000c92f3a00, 0x00000000c92f3a00| Untracked 
|   5|0x00000000c9300000, 0x00000000c9400000, 0x00000000c9400000|100%| O|  |TAMS 0x00000000c9400000, 0x00000000c9400000| Untracked 
|   6|0x00000000c9400000, 0x00000000c9500000, 0x00000000c9500000|100%| O|  |TAMS 0x00000000c9500000, 0x00000000c9500000| Untracked 
|   7|0x00000000c9500000, 0x00000000c9600000, 0x00000000c9600000|100%| O|  |TAMS 0x00000000c9600000, 0x00000000c9600000| Untracked 
|   8|0x00000000c9600000, 0x00000000c9700000, 0x00000000c9700000|100%| O|  |TAMS 0x00000000c9700000, 0x00000000c9700000| Untracked 
|   9|0x00000000c9700000, 0x00000000c9800000, 0x00000000c9800000|100%| O|  |TAMS 0x00000000c9800000, 0x00000000c9800000| Untracked 
|  10|0x00000000c9800000, 0x00000000c9900000, 0x00000000c9900000|100%| O|  |TAMS 0x00000000c9900000, 0x00000000c9900000| Untracked 
|  11|0x00000000c9900000, 0x00000000c9a00000, 0x00000000c9a00000|100%| O|  |TAMS 0x00000000c9a00000, 0x00000000c9a00000| Untracked 
|  12|0x00000000c9a00000, 0x00000000c9b00000, 0x00000000c9b00000|100%| O|  |TAMS 0x00000000c9b00000, 0x00000000c9b00000| Untracked 
|  13|0x00000000c9b00000, 0x00000000c9c00000, 0x00000000c9c00000|100%| O|  |TAMS 0x00000000c9c00000, 0x00000000c9c00000| Untracked 
|  14|0x00000000c9c00000, 0x00000000c9d00000, 0x00000000c9d00000|100%| O|  |TAMS 0x00000000c9d00000, 0x00000000c9d00000| Untracked 
|  15|0x00000000c9d00000, 0x00000000c9e00000, 0x00000000c9e00000|100%| O|  |TAMS 0x00000000c9e00000, 0x00000000c9e00000| Untracked 
|  16|0x00000000c9e00000, 0x00000000c9f00000, 0x00000000c9f00000|100%| O|  |TAMS 0x00000000c9f00000, 0x00000000c9f00000| Untracked 
|  17|0x00000000c9f00000, 0x00000000ca000000, 0x00000000ca000000|100%| O|  |TAMS 0x00000000c9f00000, 0x00000000ca000000| Untracked 
|  18|0x00000000ca000000, 0x00000000ca100000, 0x00000000ca100000|100%|HS|  |TAMS 0x00000000ca000000, 0x00000000ca100000| Complete 
|  19|0x00000000ca100000, 0x00000000ca200000, 0x00000000ca200000|100%| O|  |TAMS 0x00000000ca200000, 0x00000000ca200000| Untracked 
|  20|0x00000000ca200000, 0x00000000ca300000, 0x00000000ca300000|100%| O|  |TAMS 0x00000000ca300000, 0x00000000ca300000| Untracked 
|  21|0x00000000ca300000, 0x00000000ca400000, 0x00000000ca400000|100%| O|  |TAMS 0x00000000ca400000, 0x00000000ca400000| Untracked 
|  22|0x00000000ca400000, 0x00000000ca500000, 0x00000000ca500000|100%| O|  |TAMS 0x00000000ca500000, 0x00000000ca500000| Untracked 
|  23|0x00000000ca500000, 0x00000000ca600000, 0x00000000ca600000|100%| O|  |TAMS 0x00000000ca600000, 0x00000000ca600000| Untracked 
|  24|0x00000000ca600000, 0x00000000ca700000, 0x00000000ca700000|100%|HS|  |TAMS 0x00000000ca700000, 0x00000000ca700000| Complete 
|  25|0x00000000ca700000, 0x00000000ca800000, 0x00000000ca800000|100%|HC|  |TAMS 0x00000000ca800000, 0x00000000ca800000| Complete 
|  26|0x00000000ca800000, 0x00000000ca900000, 0x00000000ca900000|100%| O|  |TAMS 0x00000000ca900000, 0x00000000ca900000| Untracked 
|  27|0x00000000ca900000, 0x00000000caa00000, 0x00000000caa00000|100%| O|  |TAMS 0x00000000caa00000, 0x00000000caa00000| Untracked 
|  28|0x00000000caa00000, 0x00000000cab00000, 0x00000000cab00000|100%| O|  |TAMS 0x00000000cab00000, 0x00000000cab00000| Untracked 
|  29|0x00000000cab00000, 0x00000000cac00000, 0x00000000cac00000|100%| O|  |TAMS 0x00000000cac00000, 0x00000000cac00000| Untracked 
|  30|0x00000000cac00000, 0x00000000cad00000, 0x00000000cad00000|100%| O|  |TAMS 0x00000000cad00000, 0x00000000cad00000| Untracked 
|  31|0x00000000cad00000, 0x00000000cae00000, 0x00000000cae00000|100%| O|  |TAMS 0x00000000cae00000, 0x00000000cae00000| Untracked 
|  32|0x00000000cae00000, 0x00000000caf00000, 0x00000000caf00000|100%| O|  |TAMS 0x00000000caf00000, 0x00000000caf00000| Untracked 
|  33|0x00000000caf00000, 0x00000000cb000000, 0x00000000cb000000|100%| O|  |TAMS 0x00000000cb000000, 0x00000000cb000000| Untracked 
|  34|0x00000000cb000000, 0x00000000cb100000, 0x00000000cb100000|100%| O|  |TAMS 0x00000000cb100000, 0x00000000cb100000| Untracked 
|  35|0x00000000cb100000, 0x00000000cb200000, 0x00000000cb200000|100%| O|  |TAMS 0x00000000cb200000, 0x00000000cb200000| Untracked 
|  36|0x00000000cb200000, 0x00000000cb300000, 0x00000000cb300000|100%| O|  |TAMS 0x00000000cb300000, 0x00000000cb300000| Untracked 
|  37|0x00000000cb300000, 0x00000000cb300000, 0x00000000cb400000|  0%| F|  |TAMS 0x00000000cb300000, 0x00000000cb300000| Untracked 
|  38|0x00000000cb400000, 0x00000000cb500000, 0x00000000cb500000|100%| O|  |TAMS 0x00000000cb500000, 0x00000000cb500000| Untracked 
|  39|0x00000000cb500000, 0x00000000cb600000, 0x00000000cb600000|100%| O|  |TAMS 0x00000000cb600000, 0x00000000cb600000| Untracked 
|  40|0x00000000cb600000, 0x00000000cb700000, 0x00000000cb700000|100%| O|  |TAMS 0x00000000cb700000, 0x00000000cb700000| Untracked 
|  41|0x00000000cb700000, 0x00000000cb800000, 0x00000000cb800000|100%| O|  |TAMS 0x00000000cb800000, 0x00000000cb800000| Untracked 
|  42|0x00000000cb800000, 0x00000000cb900000, 0x00000000cb900000|100%| O|  |TAMS 0x00000000cb89b200, 0x00000000cb900000| Untracked 
|  43|0x00000000cb900000, 0x00000000cba00000, 0x00000000cba00000|100%| O|  |TAMS 0x00000000cb900000, 0x00000000cba00000| Untracked 
|  44|0x00000000cba00000, 0x00000000cbb00000, 0x00000000cbb00000|100%| O|  |TAMS 0x00000000cba00000, 0x00000000cbb00000| Untracked 
|  45|0x00000000cbb00000, 0x00000000cbc00000, 0x00000000cbc00000|100%| O|  |TAMS 0x00000000cbb00000, 0x00000000cbc00000| Untracked 
|  46|0x00000000cbc00000, 0x00000000cbd00000, 0x00000000cbd00000|100%| O|  |TAMS 0x00000000cbc00000, 0x00000000cbd00000| Untracked 
|  47|0x00000000cbd00000, 0x00000000cbd2e400, 0x00000000cbe00000| 18%| O|  |TAMS 0x00000000cbd00000, 0x00000000cbd2e400| Untracked 
|  48|0x00000000cbe00000, 0x00000000cbe00000, 0x00000000cbf00000|  0%| F|  |TAMS 0x00000000cbe00000, 0x00000000cbe00000| Untracked 
|  49|0x00000000cbf00000, 0x00000000cbf00000, 0x00000000cc000000|  0%| F|  |TAMS 0x00000000cbf00000, 0x00000000cbf00000| Untracked 
|  50|0x00000000cc000000, 0x00000000cc000000, 0x00000000cc100000|  0%| F|  |TAMS 0x00000000cc000000, 0x00000000cc000000| Untracked 
|  51|0x00000000cc100000, 0x00000000cc100000, 0x00000000cc200000|  0%| F|  |TAMS 0x00000000cc100000, 0x00000000cc100000| Untracked 
|  52|0x00000000cc200000, 0x00000000cc200000, 0x00000000cc300000|  0%| F|  |TAMS 0x00000000cc200000, 0x00000000cc200000| Untracked 
|  53|0x00000000cc300000, 0x00000000cc300000, 0x00000000cc400000|  0%| F|  |TAMS 0x00000000cc300000, 0x00000000cc300000| Untracked 
|  54|0x00000000cc400000, 0x00000000cc400000, 0x00000000cc500000|  0%| F|  |TAMS 0x00000000cc400000, 0x00000000cc400000| Untracked 
|  55|0x00000000cc500000, 0x00000000cc500000, 0x00000000cc600000|  0%| F|  |TAMS 0x00000000cc500000, 0x00000000cc500000| Untracked 
|  56|0x00000000cc600000, 0x00000000cc600000, 0x00000000cc700000|  0%| F|  |TAMS 0x00000000cc600000, 0x00000000cc600000| Untracked 
|  57|0x00000000cc700000, 0x00000000cc700000, 0x00000000cc800000|  0%| F|  |TAMS 0x00000000cc700000, 0x00000000cc700000| Untracked 
|  58|0x00000000cc800000, 0x00000000cc800000, 0x00000000cc900000|  0%| F|  |TAMS 0x00000000cc800000, 0x00000000cc800000| Untracked 
|  59|0x00000000cc900000, 0x00000000cc9a8548, 0x00000000cca00000| 65%| S|CS|TAMS 0x00000000cc900000, 0x00000000cc900000| Complete 
|  60|0x00000000cca00000, 0x00000000ccb00000, 0x00000000ccb00000|100%| S|CS|TAMS 0x00000000cca00000, 0x00000000cca00000| Complete 
|  61|0x00000000ccb00000, 0x00000000ccc00000, 0x00000000ccc00000|100%| S|CS|TAMS 0x00000000ccb00000, 0x00000000ccb00000| Complete 
|  62|0x00000000ccc00000, 0x00000000ccc00000, 0x00000000ccd00000|  0%| F|  |TAMS 0x00000000ccc00000, 0x00000000ccc00000| Untracked 
|  63|0x00000000ccd00000, 0x00000000ccd00000, 0x00000000cce00000|  0%| F|  |TAMS 0x00000000ccd00000, 0x00000000ccd00000| Untracked 
|  64|0x00000000cce00000, 0x00000000cce00000, 0x00000000ccf00000|  0%| F|  |TAMS 0x00000000cce00000, 0x00000000cce00000| Untracked 
|  65|0x00000000ccf00000, 0x00000000ccf00000, 0x00000000cd000000|  0%| F|  |TAMS 0x00000000ccf00000, 0x00000000ccf00000| Untracked 
|  66|0x00000000cd000000, 0x00000000cd000000, 0x00000000cd100000|  0%| F|  |TAMS 0x00000000cd000000, 0x00000000cd000000| Untracked 
|  67|0x00000000cd100000, 0x00000000cd100000, 0x00000000cd200000|  0%| F|  |TAMS 0x00000000cd100000, 0x00000000cd100000| Untracked 
|  68|0x00000000cd200000, 0x00000000cd200000, 0x00000000cd300000|  0%| F|  |TAMS 0x00000000cd200000, 0x00000000cd200000| Untracked 
|  69|0x00000000cd300000, 0x00000000cd300000, 0x00000000cd400000|  0%| F|  |TAMS 0x00000000cd300000, 0x00000000cd300000| Untracked 
|  70|0x00000000cd400000, 0x00000000cd400000, 0x00000000cd500000|  0%| F|  |TAMS 0x00000000cd400000, 0x00000000cd400000| Untracked 
|  71|0x00000000cd500000, 0x00000000cd500000, 0x00000000cd600000|  0%| F|  |TAMS 0x00000000cd500000, 0x00000000cd500000| Untracked 
|  72|0x00000000cd600000, 0x00000000cd600000, 0x00000000cd700000|  0%| F|  |TAMS 0x00000000cd600000, 0x00000000cd600000| Untracked 
|  73|0x00000000cd700000, 0x00000000cd700000, 0x00000000cd800000|  0%| F|  |TAMS 0x00000000cd700000, 0x00000000cd700000| Untracked 
|  74|0x00000000cd800000, 0x00000000cd800000, 0x00000000cd900000|  0%| F|  |TAMS 0x00000000cd800000, 0x00000000cd800000| Untracked 
|  75|0x00000000cd900000, 0x00000000cd900000, 0x00000000cda00000|  0%| F|  |TAMS 0x00000000cd900000, 0x00000000cd900000| Untracked 
|  76|0x00000000cda00000, 0x00000000cda00000, 0x00000000cdb00000|  0%| F|  |TAMS 0x00000000cda00000, 0x00000000cda00000| Untracked 
|  77|0x00000000cdb00000, 0x00000000cdb00000, 0x00000000cdc00000|  0%| F|  |TAMS 0x00000000cdb00000, 0x00000000cdb00000| Untracked 
|  78|0x00000000cdc00000, 0x00000000cdc00000, 0x00000000cdd00000|  0%| F|  |TAMS 0x00000000cdc00000, 0x00000000cdc00000| Untracked 

Card table byte_map: [0x0000014fa24b0000,0x0000014fa2670000] _byte_map_base: 0x0000014fa1e69000

Marking Bits (Prev, Next): (CMBitMap*) 0x0000014f8e037a10, (CMBitMap*) 0x0000014f8e037a50
 Prev Bits: [0x0000014fa2830000, 0x0000014fa35f8000)
 Next Bits: [0x0000014fa3600000, 0x0000014fa43c8000)

Polling page: 0x0000014f8e0c0000

Metaspace:

Usage:
  Non-class:     49.96 MB used.
      Class:      6.61 MB used.
       Both:     56.57 MB used.

Virtual space:
  Non-class space:       64.00 MB reserved,      50.06 MB ( 78%) committed,  1 nodes.
      Class space:        1.00 GB reserved,       6.69 MB ( <1%) committed,  1 nodes.
             Both:        1.06 GB reserved,      56.75 MB (  5%) committed. 

Chunk freelists:
   Non-Class:  13.62 MB
       Class:  9.27 MB
        Both:  22.89 MB

MaxMetaspaceSize: unlimited
CompressedClassSpaceSize: 1.00 GB
Initial GC threshold: 21.00 MB
Current GC threshold: 92.94 MB
CDS: off
MetaspaceReclaimPolicy: balanced
 - commit_granule_bytes: 65536.
 - commit_granule_words: 8192.
 - virtual_space_node_default_size: 8388608.
 - enlarge_chunks_in_place: 1.
 - new_chunks_are_fully_committed: 0.
 - uncommit_free_chunks: 1.
 - use_allocation_guard: 0.
 - handle_deallocations: 1.


Internal statistics:

num_allocs_failed_limit: 6.
num_arena_births: 234.
num_arena_deaths: 0.
num_vsnodes_births: 2.
num_vsnodes_deaths: 0.
num_space_committed: 906.
num_space_uncommitted: 0.
num_chunks_returned_to_freelist: 6.
num_chunks_taken_from_freelist: 2014.
num_chunk_merges: 6.
num_chunk_splits: 1639.
num_chunks_enlarged: 1460.
num_inconsistent_stats: 0.

CodeHeap 'non-profiled nmethods': size=120000Kb used=3361Kb max_used=3361Kb free=116638Kb
 bounds [0x0000014f9a790000, 0x0000014f9aae0000, 0x0000014fa1cc0000]
CodeHeap 'profiled nmethods': size=120000Kb used=17811Kb max_used=17811Kb free=102188Kb
 bounds [0x0000014f92cc0000, 0x0000014f93e30000, 0x0000014f9a1f0000]
CodeHeap 'non-nmethods': size=5760Kb used=1297Kb max_used=1350Kb free=4462Kb
 bounds [0x0000014f9a1f0000, 0x0000014f9a460000, 0x0000014f9a790000]
 total_blobs=7309 nmethods=6706 adapters=513
 compilation: enabled
              stopped_count=0, restarted_count=0
 full_count=0

Compilation events (20 events):
Event: 40.122 Thread 0x0000014fa6a12330 7537       3       org.jetbrains.kotlin.resolve.calls.util.CallResolverUtilKt::getSuperCallExpression (60 bytes)
Event: 40.124 Thread 0x0000014fa6a12330 nmethod 7537 0x0000014f93e1d490 code [0x0000014f93e1d700, 0x0000014f93e1e2d8]
Event: 40.130 Thread 0x0000014fa6a12330 7538       3       org.jetbrains.kotlin.com.intellij.util.containers.Stack::<init> (5 bytes)
Event: 40.131 Thread 0x0000014fa6a12330 nmethod 7538 0x0000014f93e1e590 code [0x0000014f93e1e740, 0x0000014f93e1ea38]
Event: 40.134 Thread 0x0000014fa6a12330 7539       3       org.jetbrains.kotlin.resolve.calls.tower.SyntheticScopeBasedTowerLevel::getVariables (149 bytes)
Event: 40.137 Thread 0x0000014fa6a12330 nmethod 7539 0x0000014f93e1eb90 code [0x0000014f93e1ef60, 0x0000014f93e20b18]
Event: 40.137 Thread 0x0000014fa6a12330 7540       3       org.jetbrains.kotlin.resolve.calls.tower.SyntheticScopeBasedTowerLevel::getObjects (13 bytes)
Event: 40.139 Thread 0x0000014fa6a12330 nmethod 7540 0x0000014f93e21490 code [0x0000014f93e216a0, 0x0000014f93e21c78]
Event: 40.140 Thread 0x0000014fa6a12330 7541       3       org.jetbrains.kotlin.resolve.scopes.receivers.ReceiverValueWithSmartCastInfo::<init> (52 bytes)
Event: 40.141 Thread 0x0000014fa6a12330 nmethod 7541 0x0000014f93e21f10 code [0x0000014f93e22240, 0x0000014f93e232c8]
Event: 40.170 Thread 0x0000014fa6a12330 7543       1       org.jetbrains.kotlin.com.intellij.util.containers.hash.LinkedHashMap::size (5 bytes)
Event: 40.170 Thread 0x0000014fa6a12330 nmethod 7543 0x0000014f9aad7e90 code [0x0000014f9aad8020, 0x0000014f9aad80f8]
Event: 40.184 Thread 0x0000014fa6a12330 7544       3       org.jetbrains.kotlin.protobuf.SmallSortedMap::binarySearchInArray (133 bytes)
Event: 40.185 Thread 0x0000014fa6a12330 nmethod 7544 0x0000014f93e23890 code [0x0000014f93e23ac0, 0x0000014f93e244a8]
Event: 40.196 Thread 0x0000014fa6a12330 7545       1       org.jetbrains.kotlin.serialization.deserialization.ProtoContainer::getNameResolver (5 bytes)
Event: 40.196 Thread 0x0000014fa6a12330 nmethod 7545 0x0000014f9aad8190 code [0x0000014f9aad8320, 0x0000014f9aad83f8]
Event: 40.196 Thread 0x0000014fa6a12330 7546       3       org.jetbrains.kotlin.protobuf.SmallSortedMap::get (43 bytes)
Event: 40.197 Thread 0x0000014fa6a12330 nmethod 7546 0x0000014f93e24790 code [0x0000014f93e24980, 0x0000014f93e24ec8]
Event: 40.200 Thread 0x0000014fa6a12330 7547       2       kotlin.collections.CollectionsKt__MutableCollectionsKt::addAll (74 bytes)
Event: 40.201 Thread 0x0000014fa6a12330 nmethod 7547 0x0000014f93e25090 code [0x0000014f93e25300, 0x0000014f93e259c8]

GC Heap History (20 events):
Event: 24.246 GC heap after
{Heap after GC invocations=12 (full 0):
 garbage-first heap   total 71680K, used 24671K [0x00000000c8e00000, 0x0000000100000000)
  region size 1024K, 3 young (3072K), 3 survivors (3072K)
 Metaspace       used 46633K, committed 46848K, reserved 1114112K
  class space    used 5682K, committed 5760K, reserved 1048576K
}
Event: 27.782 GC heap before
{Heap before GC invocations=12 (full 0):
 garbage-first heap   total 71680K, used 55391K [0x00000000c8e00000, 0x0000000100000000)
  region size 1024K, 31 young (31744K), 3 survivors (3072K)
 Metaspace       used 50555K, committed 50752K, reserved 1114112K
  class space    used 6135K, committed 6208K, reserved 1048576K
}
Event: 27.793 GC heap after
{Heap after GC invocations=13 (full 0):
 garbage-first heap   total 71680K, used 30555K [0x00000000c8e00000, 0x0000000100000000)
  region size 1024K, 4 young (4096K), 4 survivors (4096K)
 Metaspace       used 50555K, committed 50752K, reserved 1114112K
  class space    used 6135K, committed 6208K, reserved 1048576K
}
Event: 29.887 GC heap before
{Heap before GC invocations=13 (full 0):
 garbage-first heap   total 71680K, used 54107K [0x00000000c8e00000, 0x0000000100000000)
  region size 1024K, 27 young (27648K), 4 survivors (4096K)
 Metaspace       used 52132K, committed 52352K, reserved 1114112K
  class space    used 6205K, committed 6272K, reserved 1048576K
}
Event: 29.910 GC heap after
{Heap after GC invocations=14 (full 0):
 garbage-first heap   total 71680K, used 35168K [0x00000000c8e00000, 0x0000000100000000)
  region size 1024K, 4 young (4096K), 4 survivors (4096K)
 Metaspace       used 52132K, committed 52352K, reserved 1114112K
  class space    used 6205K, committed 6272K, reserved 1048576K
}
Event: 31.576 GC heap before
{Heap before GC invocations=14 (full 0):
 garbage-first heap   total 71680K, used 54624K [0x00000000c8e00000, 0x0000000100000000)
  region size 1024K, 23 young (23552K), 4 survivors (4096K)
 Metaspace       used 53339K, committed 53568K, reserved 1114112K
  class space    used 6326K, committed 6400K, reserved 1048576K
}
Event: 31.600 GC heap after
{Heap after GC invocations=15 (full 0):
 garbage-first heap   total 71680K, used 38157K [0x00000000c8e00000, 0x0000000100000000)
  region size 1024K, 3 young (3072K), 3 survivors (3072K)
 Metaspace       used 53339K, committed 53568K, reserved 1114112K
  class space    used 6326K, committed 6400K, reserved 1048576K
}
Event: 34.052 GC heap before
{Heap before GC invocations=15 (full 0):
 garbage-first heap   total 71680K, used 56589K [0x00000000c8e00000, 0x0000000100000000)
  region size 1024K, 21 young (21504K), 3 survivors (3072K)
 Metaspace       used 55501K, committed 55680K, reserved 1114112K
  class space    used 6595K, committed 6656K, reserved 1048576K
}
Event: 34.065 GC heap after
{Heap after GC invocations=16 (full 0):
 garbage-first heap   total 71680K, used 39746K [0x00000000c8e00000, 0x0000000100000000)
  region size 1024K, 2 young (2048K), 2 survivors (2048K)
 Metaspace       used 55501K, committed 55680K, reserved 1114112K
  class space    used 6595K, committed 6656K, reserved 1048576K
}
Event: 35.070 GC heap before
{Heap before GC invocations=17 (full 0):
 garbage-first heap   total 71680K, used 57154K [0x00000000c8e00000, 0x0000000100000000)
  region size 1024K, 19 young (19456K), 2 survivors (2048K)
 Metaspace       used 55871K, committed 56064K, reserved 1114112K
  class space    used 6630K, committed 6720K, reserved 1048576K
}
Event: 35.080 GC heap after
{Heap after GC invocations=18 (full 0):
 garbage-first heap   total 71680K, used 42291K [0x00000000c8e00000, 0x0000000100000000)
  region size 1024K, 3 young (3072K), 3 survivors (3072K)
 Metaspace       used 55871K, committed 56064K, reserved 1114112K
  class space    used 6630K, committed 6720K, reserved 1048576K
}
Event: 35.112 GC heap before
{Heap before GC invocations=18 (full 0):
 garbage-first heap   total 71680K, used 43315K [0x00000000c8e00000, 0x0000000100000000)
  region size 1024K, 4 young (4096K), 3 survivors (3072K)
 Metaspace       used 55895K, committed 56128K, reserved 1114112K
  class space    used 6630K, committed 6720K, reserved 1048576K
}
Event: 35.126 GC heap after
{Heap after GC invocations=19 (full 0):
 garbage-first heap   total 71680K, used 42023K [0x00000000c8e00000, 0x0000000100000000)
  region size 1024K, 1 young (1024K), 1 survivors (1024K)
 Metaspace       used 55895K, committed 56128K, reserved 1114112K
  class space    used 6630K, committed 6720K, reserved 1048576K
}
Event: 36.189 GC heap before
{Heap before GC invocations=19 (full 0):
 garbage-first heap   total 71680K, used 57383K [0x00000000c8e00000, 0x0000000100000000)
  region size 1024K, 16 young (16384K), 1 survivors (1024K)
 Metaspace       used 56825K, committed 57024K, reserved 1114112K
  class space    used 6692K, committed 6784K, reserved 1048576K
}
Event: 36.200 GC heap after
{Heap after GC invocations=20 (full 0):
 garbage-first heap   total 71680K, used 44565K [0x00000000c8e00000, 0x0000000100000000)
  region size 1024K, 2 young (2048K), 2 survivors (2048K)
 Metaspace       used 56825K, committed 57024K, reserved 1114112K
  class space    used 6692K, committed 6784K, reserved 1048576K
}
Event: 37.350 GC heap before
{Heap before GC invocations=21 (full 0):
 garbage-first heap   total 80896K, used 57877K [0x00000000c8e00000, 0x0000000100000000)
  region size 1024K, 14 young (14336K), 2 survivors (2048K)
 Metaspace       used 57091K, committed 57344K, reserved 1114112K
  class space    used 6701K, committed 6784K, reserved 1048576K
}
Event: 37.361 GC heap after
{Heap after GC invocations=22 (full 0):
 garbage-first heap   total 80896K, used 47690K [0x00000000c8e00000, 0x0000000100000000)
  region size 1024K, 2 young (2048K), 2 survivors (2048K)
 Metaspace       used 57091K, committed 57344K, reserved 1114112K
  class space    used 6701K, committed 6784K, reserved 1048576K
}
Event: 37.366 GC heap before
{Heap before GC invocations=22 (full 0):
 garbage-first heap   total 80896K, used 48714K [0x00000000c8e00000, 0x0000000100000000)
  region size 1024K, 3 young (3072K), 2 survivors (2048K)
 Metaspace       used 57091K, committed 57344K, reserved 1114112K
  class space    used 6701K, committed 6784K, reserved 1048576K
}
Event: 37.376 GC heap after
{Heap after GC invocations=23 (full 0):
 garbage-first heap   total 80896K, used 47613K [0x00000000c8e00000, 0x0000000100000000)
  region size 1024K, 1 young (1024K), 1 survivors (1024K)
 Metaspace       used 57091K, committed 57344K, reserved 1114112K
  class space    used 6701K, committed 6784K, reserved 1048576K
}
Event: 40.205 GC heap before
{Heap before GC invocations=23 (full 0):
 garbage-first heap   total 80896K, used 63997K [0x00000000c8e00000, 0x0000000100000000)
  region size 1024K, 17 young (17408K), 1 survivors (1024K)
 Metaspace       used 57931K, committed 58112K, reserved 1114112K
  class space    used 6772K, committed 6848K, reserved 1048576K
}

Dll operation events (2 events):
Event: 0.046 Loaded shared library C:\Program Files\Android\Android Studio\jbr\bin\java.dll
Event: 11.094 Loaded shared library C:\Program Files\Android\Android Studio\jbr\bin\verify.dll

Deoptimization events (20 events):
Event: 39.977 Thread 0x0000014f8dffed80 DEOPT PACKING pc=0x0000014f9aaa22e8 sp=0x00000025f27fac60
Event: 39.977 Thread 0x0000014f8dffed80 DEOPT UNPACKING pc=0x0000014f9a2469a3 sp=0x00000025f27fab88 mode 2
Event: 39.977 Thread 0x0000014f8dffed80 Uncommon trap: trap_request=0xffffff45 fr.pc=0x0000014f9a98cbe4 relative=0x0000000000000124
Event: 39.977 Thread 0x0000014f8dffed80 Uncommon trap: reason=unstable_if action=reinterpret pc=0x0000014f9a98cbe4 method=org.jetbrains.kotlin.protobuf.SmallSortedMap.binarySearchInArray(Ljava/lang/Comparable;)I @ 54 c2
Event: 39.977 Thread 0x0000014f8dffed80 DEOPT PACKING pc=0x0000014f9a98cbe4 sp=0x00000025f27fac20
Event: 39.977 Thread 0x0000014f8dffed80 DEOPT UNPACKING pc=0x0000014f9a2469a3 sp=0x00000025f27fabc0 mode 2
Event: 39.978 Thread 0x0000014f8dffed80 Uncommon trap: trap_request=0xffffffde fr.pc=0x0000014f9a8fad58 relative=0x0000000000000958
Event: 39.978 Thread 0x0000014f8dffed80 Uncommon trap: reason=class_check action=maybe_recompile pc=0x0000014f9a8fad58 method=org.jetbrains.kotlin.protobuf.FieldSet.isInitialized(Ljava/util/Map$Entry;)Z @ 61 c2
Event: 39.978 Thread 0x0000014f8dffed80 DEOPT PACKING pc=0x0000014f9a8fad58 sp=0x00000025f27fac40
Event: 39.978 Thread 0x0000014f8dffed80 DEOPT UNPACKING pc=0x0000014f9a2469a3 sp=0x00000025f27fab98 mode 2
Event: 39.991 Thread 0x0000014f8dffed80 Uncommon trap: trap_request=0xffffffde fr.pc=0x0000014f9aa07edc relative=0x00000000000008fc
Event: 39.991 Thread 0x0000014f8dffed80 Uncommon trap: reason=class_check action=maybe_recompile pc=0x0000014f9aa07edc method=kotlin.collections.CollectionsKt__MutableCollectionsKt.addAll(Ljava/util/Collection;Ljava/lang/Iterable;)Z @ 49 c2
Event: 39.991 Thread 0x0000014f8dffed80 DEOPT PACKING pc=0x0000014f9aa07edc sp=0x00000025f27fa480
Event: 39.991 Thread 0x0000014f8dffed80 DEOPT UNPACKING pc=0x0000014f9a2469a3 sp=0x00000025f27fa478 mode 2
Event: 40.059 Thread 0x0000014f8dffed80 DEOPT PACKING pc=0x0000014f930d674d sp=0x00000025f27f4ee0
Event: 40.059 Thread 0x0000014f8dffed80 DEOPT UNPACKING pc=0x0000014f9a247143 sp=0x00000025f27f4370 mode 0
Event: 40.181 Thread 0x0000014f8dffed80 Uncommon trap: trap_request=0xffffffde fr.pc=0x0000014f9aa07edc relative=0x00000000000008fc
Event: 40.181 Thread 0x0000014f8dffed80 Uncommon trap: reason=class_check action=maybe_recompile pc=0x0000014f9aa07edc method=kotlin.collections.CollectionsKt__MutableCollectionsKt.addAll(Ljava/util/Collection;Ljava/lang/Iterable;)Z @ 49 c2
Event: 40.181 Thread 0x0000014f8dffed80 DEOPT PACKING pc=0x0000014f9aa07edc sp=0x00000025f27f5d20
Event: 40.181 Thread 0x0000014f8dffed80 DEOPT UNPACKING pc=0x0000014f9a2469a3 sp=0x00000025f27f5d18 mode 2

Classes unloaded (0 events):
No events

Classes redefined (0 events):
No events

Internal exceptions (20 events):
Event: 20.948 Thread 0x0000014f8dffed80 Exception <a 'java/lang/NoSuchMethodError'{0x00000000cb03fb88}: 'java.lang.Object java.lang.invoke.DirectMethodHandle$Holder.newInvokeSpecial(java.lang.Object, java.lang.Object, int)'> (0x00000000cb03fb88) 
thrown [s\src\hotspot\share\interpreter\linkResolver.cpp, line 771]
Event: 21.828 Thread 0x0000014f8dffed80 Implicit null exception at 0x0000014f9a8c40cc to 0x0000014f9a8c41a8
Event: 22.827 Thread 0x0000014f8dffed80 Exception <a 'java/lang/NoSuchMethodError'{0x00000000cd8ea6d0}: 'java.lang.Object java.lang.invoke.DirectMethodHandle$Holder.newInvokeSpecial(java.lang.Object, java.lang.Object, java.lang.Object, int)'> (0x00000000cd8ea6d0) 
thrown [s\src\hotspot\share\interpreter\linkResolver.cpp, line 771]
Event: 22.828 Thread 0x0000014f8dffed80 Exception <a 'java/lang/NoSuchMethodError'{0x00000000cd8eed58}: 'java.lang.Object java.lang.invoke.DirectMethodHandle$Holder.invokeSpecial(java.lang.Object, java.lang.Object, java.lang.Object, java.lang.Object, int)'> (0x00000000cd8eed58) 
thrown [s\src\hotspot\share\interpreter\linkResolver.cpp, line 771]
Event: 22.828 Thread 0x0000014f8dffed80 Exception <a 'java/lang/NoSuchMethodError'{0x00000000cd8f2bc8}: 'java.lang.Object java.lang.invoke.Invokers$Holder.linkToTargetMethod(java.lang.Object, java.lang.Object, int, java.lang.Object)'> (0x00000000cd8f2bc8) 
thrown [s\src\hotspot\share\interpreter\linkResolver.cpp, line 771]
Event: 27.647 Thread 0x0000014f8dffed80 Exception <a 'java/lang/NoSuchMethodError'{0x00000000cb987c30}: 'java.lang.Object java.lang.invoke.DirectMethodHandle$Holder.newInvokeSpecial(java.lang.Object, java.lang.Object, java.lang.Object, java.lang.Object, java.lang.Object, java.lang.Object)'> (0x00000000cb987c30) 
thrown [s\src\hotspot\share\interpreter\linkResolver.cpp, line 771]
Event: 28.646 Thread 0x0000014f8dffed80 Exception <a 'java/lang/NoSuchMethodError'{0x00000000cca38220}: 'java.lang.Object java.lang.invoke.DirectMethodHandle$Holder.invokeStaticInit(java.lang.Object, java.lang.Object, java.lang.Object)'> (0x00000000cca38220) 
thrown [s\src\hotspot\share\interpreter\linkResolver.cpp, line 771]
Event: 31.224 Thread 0x0000014f8dffed80 Implicit null exception at 0x0000014f9a9fde07 to 0x0000014f9a9fe000
Event: 31.261 Thread 0x0000014f8dffed80 Implicit null exception at 0x0000014f9a7dac0c to 0x0000014f9a7dae18
Event: 31.374 Thread 0x0000014f8dffed80 Implicit null exception at 0x0000014f9a7ed90f to 0x0000014f9a7ed985
Event: 32.546 Thread 0x0000014f8dffed80 Exception <a 'java/lang/NoSuchMethodError'{0x00000000cca9cf68}: 'java.lang.Object java.lang.invoke.DirectMethodHandle$Holder.invokeInterface(java.lang.Object, java.lang.Object, java.lang.Object)'> (0x00000000cca9cf68) 
thrown [s\src\hotspot\share\interpreter\linkResolver.cpp, line 771]
Event: 32.548 Thread 0x0000014f8dffed80 Exception <a 'java/lang/IncompatibleClassChangeError'{0x00000000ccaa0b80}: Found class java.lang.Object, but interface was expected> (0x00000000ccaa0b80) 
thrown [s\src\hotspot\share\interpreter\linkResolver.cpp, line 838]
Event: 33.047 Thread 0x0000014f8dffed80 Implicit null exception at 0x0000014f9a885889 to 0x0000014f9a885970
Event: 33.047 Thread 0x0000014f8dffed80 Implicit null exception at 0x0000014f9a7f28d8 to 0x0000014f9a7f296a
Event: 33.387 Thread 0x0000014f8dffed80 Exception <a 'java/lang/NoSuchMethodError'{0x00000000cc4f1d20}: 'java.lang.Object java.lang.invoke.DirectMethodHandle$Holder.newInvokeSpecial(java.lang.Object, java.lang.Object, java.lang.Object, java.lang.Object, java.lang.Object, java.lang.Object, java.lang.Object)'> (0x00000000cc4f1d20) 
thrown [s\src\hotspot\share\interpreter\linkResolver.cpp, line 771]
Event: 33.388 Thread 0x0000014f8dffed80 Exception <a 'java/lang/NoSuchMethodError'{0x00000000cc4f6b80}: 'java.lang.Object java.lang.invoke.Invokers$Holder.linkToTargetMethod(java.lang.Object, java.lang.Object, java.lang.Object, java.lang.Object, java.lang.Object, java.lang.Object, java.lang.Object)'> (0x00000000cc4f6b80) 
thrown [s\src\hotspot\share\interpreter\linkResolver.cpp, line 771]
Event: 34.126 Thread 0x0000014f8dffed80 Exception <a 'java/lang/NoSuchMethodError'{0x00000000cd838798}: 'int java.lang.invoke.DirectMethodHandle$Holder.invokeStaticInit(java.lang.Object, int)'> (0x00000000cd838798) 
thrown [s\src\hotspot\share\interpreter\linkResolver.cpp, line 771]
Event: 35.277 Thread 0x0000014f8dffed80 Exception <a 'java/lang/NoSuchMethodError'{0x00000000ccb36bc0}: 'java.lang.Object java.lang.invoke.DirectMethodHandle$Holder.invokeStatic(java.lang.Object, int, java.lang.Object)'> (0x00000000ccb36bc0) 
thrown [s\src\hotspot\share\interpreter\linkResolver.cpp, line 771]
Event: 35.418 Thread 0x0000014f8dffed80 Exception <a 'java/lang/NoSuchMethodError'{0x00000000cc779ca0}: 'java.lang.Object java.lang.invoke.DirectMethodHandle$Holder.newInvokeSpecial(java.lang.Object, int, java.lang.Object)'> (0x00000000cc779ca0) 
thrown [s\src\hotspot\share\interpreter\linkResolver.cpp, line 771]
Event: 35.419 Thread 0x0000014f8dffed80 Exception <a 'java/lang/NoSuchMethodError'{0x00000000cc7809e0}: 'int java.lang.invoke.DirectMethodHandle$Holder.invokeInterface(java.lang.Object, java.lang.Object)'> (0x00000000cc7809e0) 
thrown [s\src\hotspot\share\interpreter\linkResolver.cpp, line 771]

VM Operations (20 events):
Event: 37.122 Executing VM operation: HandshakeAllThreads done
Event: 37.155 Executing VM operation: ICBufferFull
Event: 37.155 Executing VM operation: ICBufferFull done
Event: 37.350 Executing VM operation: G1CollectForAllocation
Event: 37.361 Executing VM operation: G1CollectForAllocation done
Event: 37.366 Executing VM operation: G1CollectForAllocation
Event: 37.376 Executing VM operation: G1CollectForAllocation done
Event: 38.388 Executing VM operation: Cleanup
Event: 38.419 Executing VM operation: Cleanup done
Event: 39.062 Executing VM operation: HandshakeAllThreads
Event: 39.062 Executing VM operation: HandshakeAllThreads done
Event: 39.434 Executing VM operation: ICBufferFull
Event: 39.435 Executing VM operation: ICBufferFull done
Event: 39.632 Executing VM operation: HandshakeAllThreads
Event: 39.632 Executing VM operation: HandshakeAllThreads done
Event: 39.822 Executing VM operation: HandshakeAllThreads
Event: 39.823 Executing VM operation: HandshakeAllThreads done
Event: 40.136 Executing VM operation: ICBufferFull
Event: 40.136 Executing VM operation: ICBufferFull done
Event: 40.205 Executing VM operation: G1CollectForAllocation

Events (20 events):
Event: 35.150 loading class jdk/internal/math/FloatingDecimal$BinaryToASCIIConverter done
Event: 35.150 loading class jdk/internal/math/FloatingDecimal$ExceptionalBinaryToASCIIBuffer done
Event: 35.150 loading class jdk/internal/math/FloatingDecimal$BinaryToASCIIBuffer
Event: 35.151 loading class jdk/internal/math/FloatingDecimal$BinaryToASCIIBuffer done
Event: 35.151 loading class jdk/internal/math/FloatingDecimal$1
Event: 35.151 loading class jdk/internal/math/FloatingDecimal$1 done
Event: 35.151 loading class jdk/internal/math/FloatingDecimal$PreparedASCIIToBinaryBuffer
Event: 35.151 loading class jdk/internal/math/FloatingDecimal$ASCIIToBinaryConverter
Event: 35.151 loading class jdk/internal/math/FloatingDecimal$ASCIIToBinaryConverter done
Event: 35.151 loading class jdk/internal/math/FloatingDecimal$PreparedASCIIToBinaryBuffer done
Event: 35.151 loading class jdk/internal/math/FloatingDecimal$ASCIIToBinaryBuffer
Event: 35.152 loading class jdk/internal/math/FloatingDecimal$ASCIIToBinaryBuffer done
Event: 35.214 loading class java/util/regex/Pattern$Bound
Event: 35.214 loading class java/util/regex/Pattern$Bound done
Event: 35.214 loading class java/util/regex/Pattern$LookBehindEndNode
Event: 35.214 loading class java/util/regex/Pattern$LookBehindEndNode done
Event: 35.214 loading class java/util/regex/Pattern$NotBehind
Event: 35.214 loading class java/util/regex/Pattern$NotBehind done
Event: 39.069 loading class java/util/Collections$CopiesList
Event: 39.070 loading class java/util/Collections$CopiesList done


Dynamic libraries:
0x00007ff778d40000 - 0x00007ff778d4a000 	C:\Program Files\Android\Android Studio\jbr\bin\java.exe
0x00007ffb9b250000 - 0x00007ffb9b467000 	C:\WINDOWS\SYSTEM32\ntdll.dll
0x00007ffb9a210000 - 0x00007ffb9a2d4000 	C:\WINDOWS\System32\KERNEL32.DLL
0x00007ffb98a00000 - 0x00007ffb98dac000 	C:\WINDOWS\System32\KERNELBASE.dll
0x00007ffb98e70000 - 0x00007ffb98f81000 	C:\WINDOWS\System32\ucrtbase.dll
0x00007ffb8d700000 - 0x00007ffb8d71b000 	C:\Program Files\Android\Android Studio\jbr\bin\VCRUNTIME140.dll
0x00007ffb89090000 - 0x00007ffb890a7000 	C:\Program Files\Android\Android Studio\jbr\bin\jli.dll
0x00007ffb9ad80000 - 0x00007ffb9af2e000 	C:\WINDOWS\System32\USER32.dll
0x00007ffb988b0000 - 0x00007ffb988d6000 	C:\WINDOWS\System32\win32u.dll
0x00007ffb9b0f0000 - 0x00007ffb9b119000 	C:\WINDOWS\System32\GDI32.dll
0x00007ffb8bef0000 - 0x00007ffb8c183000 	C:\WINDOWS\WinSxS\amd64_microsoft.windows.common-controls_6595b64144ccf1df_6.0.22621.3672_none_2713b9d173822955\COMCTL32.dll
0x00007ffb98720000 - 0x00007ffb98839000 	C:\WINDOWS\System32\gdi32full.dll
0x00007ffb988e0000 - 0x00007ffb9897a000 	C:\WINDOWS\System32\msvcp_win.dll
0x00007ffb9a160000 - 0x00007ffb9a207000 	C:\WINDOWS\System32\msvcrt.dll
0x00007ffb9b1d0000 - 0x00007ffb9b201000 	C:\WINDOWS\System32\IMM32.DLL
0x00007ffb94590000 - 0x00007ffb9459c000 	C:\Program Files\Android\Android Studio\jbr\bin\vcruntime140_1.dll
0x00007ffb88470000 - 0x00007ffb884fd000 	C:\Program Files\Android\Android Studio\jbr\bin\msvcp140.dll
0x00007ffb559a0000 - 0x00007ffb56620000 	C:\Program Files\Android\Android Studio\jbr\bin\server\jvm.dll
0x00007ffb99710000 - 0x00007ffb997c2000 	C:\WINDOWS\System32\ADVAPI32.dll
0x00007ffb9ac70000 - 0x00007ffb9ad1a000 	C:\WINDOWS\System32\sechost.dll
0x00007ffb986f0000 - 0x00007ffb98718000 	C:\WINDOWS\System32\bcrypt.dll
0x00007ffb99180000 - 0x00007ffb99295000 	C:\WINDOWS\System32\RPCRT4.dll
0x00007ffb94400000 - 0x00007ffb94434000 	C:\WINDOWS\SYSTEM32\WINMM.dll
0x00007ffb91110000 - 0x00007ffb9111a000 	C:\WINDOWS\SYSTEM32\VERSION.dll
0x00007ffb87140000 - 0x00007ffb87149000 	C:\WINDOWS\SYSTEM32\WSOCK32.dll
0x00007ffb98f90000 - 0x00007ffb99001000 	C:\WINDOWS\System32\WS2_32.dll
0x00007ffb975b0000 - 0x00007ffb975c8000 	C:\WINDOWS\SYSTEM32\kernel.appcore.dll
0x00007ffb94dc0000 - 0x00007ffb94dca000 	C:\Program Files\Android\Android Studio\jbr\bin\jimage.dll
0x00007ffb76890000 - 0x00007ffb76ac2000 	C:\WINDOWS\SYSTEM32\DBGHELP.DLL
0x00007ffb99dc0000 - 0x00007ffb9a148000 	C:\WINDOWS\System32\combase.dll
0x00007ffb99080000 - 0x00007ffb99157000 	C:\WINDOWS\System32\OLEAUT32.dll
0x00007ffb76850000 - 0x00007ffb76882000 	C:\WINDOWS\SYSTEM32\dbgcore.DLL
0x00007ffb98980000 - 0x00007ffb989fb000 	C:\WINDOWS\System32\bcryptPrimitives.dll
0x00007ffb90320000 - 0x00007ffb90345000 	C:\Program Files\Android\Android Studio\jbr\bin\java.dll
0x00007ffb8f2c0000 - 0x00007ffb8f2d8000 	C:\Program Files\Android\Android Studio\jbr\bin\zip.dll
0x00007ffb9a400000 - 0x00007ffb9ac5c000 	C:\WINDOWS\System32\SHELL32.dll
0x00007ffb964d0000 - 0x00007ffb96dc7000 	C:\WINDOWS\SYSTEM32\windows.storage.dll
0x00007ffb96390000 - 0x00007ffb964cf000 	C:\WINDOWS\SYSTEM32\wintypes.dll
0x00007ffb9a2e0000 - 0x00007ffb9a3d4000 	C:\WINDOWS\System32\SHCORE.dll
0x00007ffb9af30000 - 0x00007ffb9af8e000 	C:\WINDOWS\System32\shlwapi.dll
0x00007ffb984b0000 - 0x00007ffb984d1000 	C:\WINDOWS\SYSTEM32\profapi.dll
0x00007ffb8d8e0000 - 0x00007ffb8d8f9000 	C:\Program Files\Android\Android Studio\jbr\bin\net.dll
0x00007ffb947a0000 - 0x00007ffb948d6000 	C:\WINDOWS\SYSTEM32\WINHTTP.dll
0x00007ffb97a20000 - 0x00007ffb97a89000 	C:\WINDOWS\system32\mswsock.dll
0x00007ffb89ee0000 - 0x00007ffb89ef6000 	C:\Program Files\Android\Android Studio\jbr\bin\nio.dll
0x00007ffb8f2b0000 - 0x00007ffb8f2c0000 	C:\Program Files\Android\Android Studio\jbr\bin\verify.dll

dbghelp: loaded successfully - version: 4.0.5 - missing functions: none
symbol engine: initialized successfully - sym options: 0x614 - pdb path: .;C:\Program Files\Android\Android Studio\jbr\bin;C:\WINDOWS\SYSTEM32;C:\WINDOWS\WinSxS\amd64_microsoft.windows.common-controls_6595b64144ccf1df_6.0.22621.3672_none_2713b9d173822955;C:\Program Files\Android\Android Studio\jbr\bin\server

VM Arguments:
java_command: org.jetbrains.kotlin.cli.jvm.K2JVMCompiler @C:\Users\arip saputra\AndroidStudioProjects\NotePadTAM_UAS\app\build\20240620_992557517050051653.compiler.options
java_class_path (initial): C:\Users\arip saputra\.gradle\caches\modules-2\files-2.1\org.jetbrains.kotlin\kotlin-compiler-embeddable\1.9.0\2c8c3a7402becca891f12739b3e9fd2dc2adbd7a\kotlin-compiler-embeddable-1.9.0.jar;C:\Users\arip saputra\.gradle\caches\modules-2\files-2.1\org.jetbrains.kotlin\kotlin-stdlib\1.9.0\8ee15ef0c67dc83d874f412d84378d7f0eb50b63\kotlin-stdlib-1.9.0.jar;C:\Users\arip saputra\.gradle\caches\modules-2\files-2.1\org.jetbrains.kotlin\kotlin-script-runtime\1.9.0\4b3102cbbb7e1b58d9d1adf89563f00069ffa7d1\kotlin-script-runtime-1.9.0.jar;C:\Users\arip saputra\.gradle\caches\modules-2\files-2.1\org.jetbrains.kotlin\kotlin-reflect\1.6.10\1cbe9c92c12a94eea200d23c2bbaedaf3daf5132\kotlin-reflect-1.6.10.jar;C:\Users\arip saputra\.gradle\caches\modules-2\files-2.1\org.jetbrains.kotlin\kotlin-daemon-embeddable\1.9.0\186543f5e28cf8d9a0290fecc2cf34301c40a65c\kotlin-daemon-embeddable-1.9.0.jar;C:\Users\arip saputra\.gradle\caches\modules-2\files-2.1\org.jetbrains.intellij.deps\trove4j\1.0.20200330\3afb14d5f9ceb459d724e907a21145e8ff394f02\trove4j-1.0.20200330.jar;C:\Users\arip saputra\.gradle\caches\modules-2\files-2.1\org.jetbrains.kotlin\kotlin-stdlib-common\1.9.0\cd65c21cfd1eec4d44ef09f9f52b6d9f8a720636\kotlin-stdlib-common-1.9.0.jar;C:\Users\arip saputra\.gradle\caches\modules-2\files-2.1\org.jetbrains\annotations\13.0\919f0dfe192fb4e063e7dacadee7f8bb9a2672a9\annotations-13.0.jar
Launcher Type: SUN_STANDARD

[Global flags]
     intx CICompilerCount                          = 3                                         {product} {ergonomic}
     uint ConcGCThreads                            = 1                                         {product} {ergonomic}
     uint G1ConcRefinementThreads                  = 4                                         {product} {ergonomic}
   size_t G1HeapRegionSize                         = 1048576                                   {product} {ergonomic}
    uintx GCDrainStackTargetSize                   = 64                                        {product} {ergonomic}
   size_t InitialHeapSize                          = 58720256                                  {product} {ergonomic}
   size_t MarkStackSize                            = 4194304                                   {product} {ergonomic}
   size_t MaxHeapSize                              = 924844032                                 {product} {ergonomic}
   size_t MaxNewSize                               = 554696704                                 {product} {ergonomic}
   size_t MinHeapDeltaBytes                        = 1048576                                   {product} {ergonomic}
   size_t MinHeapSize                              = 8388608                                   {product} {ergonomic}
    uintx NonNMethodCodeHeapSize                   = 5832780                                {pd product} {ergonomic}
    uintx NonProfiledCodeHeapSize                  = 122912730                              {pd product} {ergonomic}
    uintx ProfiledCodeHeapSize                     = 122912730                              {pd product} {ergonomic}
    uintx ReservedCodeCacheSize                    = 251658240                              {pd product} {ergonomic}
     bool SegmentedCodeCache                       = true                                      {product} {ergonomic}
   size_t SoftMaxHeapSize                          = 924844032                              {manageable} {ergonomic}
     bool UseCompressedClassPointers               = true                           {product lp64_product} {ergonomic}
     bool UseCompressedOops                        = true                           {product lp64_product} {ergonomic}
     bool UseG1GC                                  = true                                      {product} {ergonomic}
     bool UseLargePagesIndividualAllocation        = false                                  {pd product} {ergonomic}

Logging:
Log output configuration:
 #0: stdout all=warning uptime,level,tags
 #1: stderr all=off uptime,level,tags

Environment Variables:
JAVA_HOME=C:\Program Files\Java\jdk-21
PATH=C:\Python312\Scripts\;C:\Python312\;C:\Program Files\Common Files\Oracle\Java\javapath;C:\WINDOWS\system32;C:\WINDOWS;C:\WINDOWS\System32\Wbem;C:\WINDOWS\System32\WindowsPowerShell\v1.0\;C:\WINDOWS\System32\OpenSSH\;C:\Program Files\dotnet\;C:\Program Files\Java\jdk-21\bin;C:\Program Files\Java\jdk-20\bin;C:\Program Files\Java\jdk1.8.0_45\bin;C:\Program Files\Github\cmd;C:\Program Files\Java\jdk-21\bin;C:\Program Files\swipl\bin;C:\Program Files\nodejs\;C:\ProgramData\chocolatey\bin;C:\Users\arip saputra\AppData\Local\Programs\Python\Python39\Scripts\;C:\Users\arip saputra\AppData\Local\Programs\Python\Python39\;C:\Users\arip saputra\AppData\Local\Microsoft\WindowsApps;;C:\Program Files\JetBrains\IntelliJ IDEA 2023.2.2\bin;;C:\Users\arip saputra\AppData\Local\Programs\Microsoft VS Code\bin;C:\Users\arip saputra\AppData\Roaming\npm
USERNAME=arip saputra
OS=Windows_NT
PROCESSOR_IDENTIFIER=AMD64 Family 23 Model 24 Stepping 1, AuthenticAMD
TMP=C:\Users\ARIPSA~1\AppData\Local\Temp
TEMP=C:\Users\ARIPSA~1\AppData\Local\Temp


JNI global refs:
JNI global refs: 9, weak refs: 2

JNI global refs memory usage: 843, weak refs: 841

OOME stack traces (most recent first):
Classloader memory used:
Loader jdk.internal.loader.ClassLoaders$AppClassLoader                                 : 5880K
Loader bootstrap                                                                       : 1321K
Loader java.net.URLClassLoader                                                         : 28559B
Loader jdk.internal.reflect.DelegatingClassLoader                                      : 12114B


---------------  S Y S T E M  ---------------

OS:
 Windows 11 , 64 bit Build 22621 (10.0.22621.3672)
OS uptime: 2 days 11:34 hours

CPU: total 4 (initial active 4) (4 cores per cpu, 2 threads per core) family 23 model 24 stepping 1 microcode 0x0, cx8, cmov, fxsr, ht, mmx, 3dnowpref, sse, sse2, sse3, ssse3, sse4a, sse4.1, sse4.2, popcnt, lzcnt, tsc, tscinvbit, avx, avx2, aes, clmul, bmi1, bmi2, adx, sha, fma, vzeroupper, clflush, clflushopt

Memory: 4k page, system-wide physical 3521M (172M free)
TotalPageFile size 14273M (AvailPageFile size 126M)
current process WorkingSet (physical memory assigned to process): 204M, peak: 204M
current process commit charge ("private bytes"): 259M, peak: 399M

vm_info: OpenJDK 64-Bit Server VM (17.0.7+0-b2043.56-10550314) for windows-amd64 JRE (17.0.7+0-b2043.56-10550314), built on Jul 24 2023 18:27:45 by "androidbuild" with MS VC++ 16.10 / 16.11 (VS2019)

END.
